[2022-03-05 16:23:24.468] [exthost] [info] Extension host with pid 41558 started
[2022-03-05 16:23:24.468] [exthost] [info] Skipping acquiring lock for /home/battos/.config/Code/User/workspaceStorage/0a89653c241d1b3bad915064383db0b9.
[2022-03-05 16:23:24.597] [exthost] [info] ExtensionService#_doActivateExtension golang.go, startup: false, activationEvent: 'onLanguage:go'
[2022-03-05 16:23:24.687] [exthost] [info] ExtensionService#_doActivateExtension vscode.microsoft-authentication, startup: false, activationEvent: 'onAuthenticationRequest:microsoft'
[2022-03-05 16:23:24.704] [exthost] [info] ExtensionService#_doActivateExtension vscode.debug-auto-launch, startup: true, activationEvent: '*'
[2022-03-05 16:23:24.708] [exthost] [info] ExtensionService#_doActivateExtension vscode.git-base, startup: true, activationEvent: '*', root cause: vscode.github
[2022-03-05 16:23:24.711] [exthost] [info] ExtensionService#_doActivateExtension ms-vsliveshare.vsliveshare, startup: true, activationEvent: '*'
[2022-03-05 16:23:24.893] [exthost] [info] ExtensionService#_doActivateExtension vscode-icons-team.vscode-icons, startup: true, activationEvent: '*'
[2022-03-05 16:23:25.313] [exthost] [info] ExtensionService#_doActivateExtension vscode.github-authentication, startup: false, activationEvent: 'onAuthenticationRequest:github'
[2022-03-05 16:23:25.991] [exthost] [error] [golang.go] provider FAILED
[2022-03-05 16:23:26.027] [exthost] [error] Error: context canceled
	at handleResponse (/home/battos/.vscode/extensions/golang.go-0.31.1/dist/goMain.js:4366:40)
	at processMessageQueue (/home/battos/.vscode/extensions/golang.go-0.31.1/dist/goMain.js:4204:13)
	at Immediate.<anonymous> (/home/battos/.vscode/extensions/golang.go-0.31.1/dist/goMain.js:4190:11)
	at processImmediate (internal/timers.js:461:21)
[2022-03-05 16:23:26.845] [exthost] [info] ExtensionService#_doActivateExtension vscode.git, startup: true, activationEvent: '*'
[2022-03-05 16:23:26.862] [exthost] [info] ExtensionService#_doActivateExtension vscode.github, startup: true, activationEvent: '*'
[2022-03-05 16:23:26.920] [exthost] [info] Eager extensions activated
[2022-03-05 16:23:26.980] [exthost] [info] ExtensionService#_doActivateExtension vscode.emmet, startup: false, activationEvent: 'onStartupFinished'
[2022-03-05 16:23:27.005] [exthost] [info] ExtensionService#_doActivateExtension vscode.merge-conflict, startup: false, activationEvent: 'onStartupFinished'
[2022-03-05 16:23:27.009] [exthost] [info] ExtensionService#_doActivateExtension LeonardSSH.vscord, startup: false, activationEvent: 'onStartupFinished'
[2022-03-05 16:23:27.033] [exthost] [info] ExtensionService#_doActivateExtension zhuangtongfa.material-theme, startup: false, activationEvent: 'onStartupFinished'
[2022-03-05 16:41:30.459] [exthost] [info] extension host terminating: renderer closed the socket
[2022-03-05 16:41:30.524] [exthost] [info] Extension host with pid 41558 exiting with code 0
