[2022-03-06 11:57:08.698] [exthost] [info] Extension host with pid 2538 started
[2022-03-06 11:57:08.698] [exthost] [info] Skipping acquiring lock for /home/battos/.config/Code/User/workspaceStorage/0a89653c241d1b3bad915064383db0b9.
[2022-03-06 11:57:08.841] [exthost] [info] ExtensionService#_doActivateExtension vscode.microsoft-authentication, startup: false, activationEvent: 'onAuthenticationRequest:microsoft'
[2022-03-06 11:57:08.921] [exthost] [info] ExtensionService#_doActivateExtension vscode.debug-auto-launch, startup: true, activationEvent: '*'
[2022-03-06 11:57:08.926] [exthost] [info] ExtensionService#_doActivateExtension vscode.git-base, startup: true, activationEvent: '*', root cause: vscode.github
[2022-03-06 11:57:08.932] [exthost] [info] ExtensionService#_doActivateExtension vscode.ipynb, startup: true, activationEvent: '*'
[2022-03-06 11:57:08.952] [exthost] [info] ExtensionService#_doActivateExtension ms-vsliveshare.vsliveshare, startup: true, activationEvent: '*'
[2022-03-06 11:57:09.504] [exthost] [info] ExtensionService#_doActivateExtension vscode-icons-team.vscode-icons, startup: true, activationEvent: '*'
[2022-03-06 11:57:09.791] [exthost] [info] ExtensionService#_doActivateExtension golang.go, startup: true, activationEvent: 'workspaceContains:*.go,*/*.go,*/*/*.go'
[2022-03-06 11:57:10.460] [exthost] [info] ExtensionService#_doActivateExtension vscode.github-authentication, startup: false, activationEvent: 'onAuthenticationRequest:github'
[2022-03-06 11:57:12.324] [exthost] [info] ExtensionService#_doActivateExtension vscode.git, startup: true, activationEvent: '*'
[2022-03-06 11:57:12.435] [exthost] [info] ExtensionService#_doActivateExtension vscode.github, startup: true, activationEvent: '*'
[2022-03-06 11:57:12.580] [exthost] [info] Eager extensions activated
[2022-03-06 11:57:12.646] [exthost] [info] ExtensionService#_doActivateExtension vscode.emmet, startup: false, activationEvent: 'onStartupFinished'
[2022-03-06 11:57:12.674] [exthost] [info] ExtensionService#_doActivateExtension vscode.merge-conflict, startup: false, activationEvent: 'onStartupFinished'
[2022-03-06 11:57:12.679] [exthost] [info] ExtensionService#_doActivateExtension LeonardSSH.vscord, startup: false, activationEvent: 'onStartupFinished'
[2022-03-06 11:57:12.723] [exthost] [info] ExtensionService#_doActivateExtension zhuangtongfa.material-theme, startup: false, activationEvent: 'onStartupFinished'
[2022-03-06 11:57:36.114] [exthost] [info] ExtensionService#_doActivateExtension vscode.html-language-features, startup: false, activationEvent: 'onLanguage:html'
[2022-03-06 11:57:36.236] [exthost] [info] ExtensionService#_doActivateExtension ritwickdey.LiveServer, startup: false, activationEvent: 'onLanguage:html'
[2022-03-06 12:31:52.387] [exthost] [error] [golang.go] provider FAILED
[2022-03-06 12:31:52.416] [exthost] [error] Error: context canceled
	at handleResponse (/home/battos/.vscode/extensions/golang.go-0.31.1/dist/goMain.js:4366:40)
	at processMessageQueue (/home/battos/.vscode/extensions/golang.go-0.31.1/dist/goMain.js:4204:13)
	at Immediate.<anonymous> (/home/battos/.vscode/extensions/golang.go-0.31.1/dist/goMain.js:4190:11)
	at processImmediate (internal/timers.js:461:21)
[2022-03-06 12:35:47.343] [exthost] [error] [golang.go] provider FAILED
[2022-03-06 12:35:47.343] [exthost] [error] Error: context canceled
	at handleResponse (/home/battos/.vscode/extensions/golang.go-0.31.1/dist/goMain.js:4366:40)
	at processMessageQueue (/home/battos/.vscode/extensions/golang.go-0.31.1/dist/goMain.js:4204:13)
	at Immediate.<anonymous> (/home/battos/.vscode/extensions/golang.go-0.31.1/dist/goMain.js:4190:11)
	at processImmediate (internal/timers.js:461:21)
[2022-03-06 14:04:08.812] [exthost] [info] extension host terminating: renderer closed the socket
[2022-03-06 14:04:08.897] [exthost] [info] Extension host with pid 2538 exiting with code 0
