[2022-03-01 20:27:16.397] [renderer1] [info] IExtensionHostStarter.start() took 438 ms.
[2022-03-01 20:27:17.052] [renderer1] [error] [Extension Host] (node:2449) [DEP0005] DeprecationWarning: Buffer() is deprecated due to security and usability issues. Please use the Buffer.alloc(), Buffer.allocUnsafe(), or Buffer.from() methods instead.
(Use `code --trace-deprecation ...` to show where the warning was created)
[2022-03-01 20:28:48.038] [renderer1] [error] Illegal argument: range: Error: Illegal argument: range
	at y (/opt/visual-studio-code/resources/app/out/vs/workbench/services/extensions/node/extensionHostProcess.js:5:1247)
	at new Pt (/opt/visual-studio-code/resources/app/out/vs/workbench/services/extensions/node/extensionHostProcess.js:84:38340)
	at new Pt (/opt/visual-studio-code/resources/app/out/vs/workbench/services/extensions/node/extensionHostProcess.js:84:17955)
	at new ProtocolDocumentLink (/home/battos/.vscode/extensions/golang.go-0.31.1/dist/goMain.js:7754:9)
	at asDocumentLink (/home/battos/.vscode/extensions/golang.go-0.31.1/dist/goMain.js:9173:20)
	at Array.map (<anonymous>)
	at asDocumentLinks (/home/battos/.vscode/extensions/golang.go-0.31.1/dist/goMain.js:9186:22)
	at async ee.provideLinks (/opt/visual-studio-code/resources/app/out/vs/workbench/services/extensions/node/extensionHostProcess.js:93:111096)
[2022-03-01 20:28:53.253] [renderer1] [error] context canceled: Error: context canceled
	at handleResponse (/home/battos/.vscode/extensions/golang.go-0.31.1/dist/goMain.js:4366:40)
	at processMessageQueue (/home/battos/.vscode/extensions/golang.go-0.31.1/dist/goMain.js:4204:13)
	at Immediate.<anonymous> (/home/battos/.vscode/extensions/golang.go-0.31.1/dist/goMain.js:4190:11)
	at processImmediate (internal/timers.js:461:21)
[2022-03-01 20:33:39.243] [renderer1] [error] context canceled: Error: context canceled
	at handleResponse (/home/battos/.vscode/extensions/golang.go-0.31.1/dist/goMain.js:4366:40)
	at processMessageQueue (/home/battos/.vscode/extensions/golang.go-0.31.1/dist/goMain.js:4204:13)
	at Immediate.<anonymous> (/home/battos/.vscode/extensions/golang.go-0.31.1/dist/goMain.js:4190:11)
	at processImmediate (internal/timers.js:461:21)
