[2022-03-06T11:31:21.949Z] Validating found git in: git
[2022-03-06T11:31:22.000Z] Using git 2.35.1 from git
[2022-03-06T11:31:22.044Z] > git rev-parse --git-dir [2ms]
[2022-03-06T11:31:22.053Z] Open repository: /home/battos/Desktop/GoURLShrotener
[2022-03-06T11:31:22.108Z] > git symbolic-ref --short HEAD [2ms]
[2022-03-06T11:31:22.130Z] > git for-each-ref --format=%(refname)%00%(upstream:short)%00%(objectname)%00%(upstream:track) refs/heads/master refs/remotes/master [4ms]
[2022-03-06T11:31:22.176Z] > git remote --verbose [4ms]
[2022-03-06T11:31:22.177Z] > git for-each-ref --sort -committerdate --format %(refname) %(objectname) %(*objectname) [32ms]
[2022-03-06T11:31:22.199Z] > git config --get commit.template [1ms]
[2022-03-06T11:31:22.782Z] > git ls-files --stage -- /home/battos/Desktop/GoURLShrotener/index.html [2ms]
[2022-03-06T11:31:22.791Z] > git cat-file -s 3b9516ce83db0bc795ec4b97a438e0b6df7aed85 [1ms]
[2022-03-06T11:37:13.471Z] > git ls-files --stage -- /home/battos/Desktop/GoURLShrotener/shortener/shortener.go [4ms]
[2022-03-06T11:37:13.483Z] > git cat-file -s 239662fe23e8f45148ea0474c18bd6f22e1ad40b [1ms]
[2022-03-06T11:43:29.251Z] > git symbolic-ref --short HEAD [2ms]
[2022-03-06T11:43:29.263Z] > git for-each-ref --format=%(refname)%00%(upstream:short)%00%(objectname)%00%(upstream:track) refs/heads/master refs/remotes/master [2ms]
[2022-03-06T11:43:29.286Z] > git remote --verbose [3ms]
[2022-03-06T11:43:29.287Z] > git for-each-ref --sort -committerdate --format %(refname) %(objectname) %(*objectname) [15ms]
[2022-03-06T11:43:29.307Z] > git config --get commit.template [3ms]
[2022-03-06T11:43:30.560Z] > git ls-files --stage -- /home/battos/Desktop/GoURLShrotener/shortener/handlers.go [2ms]
[2022-03-06T11:43:30.573Z] > git cat-file -s 760cf1ef888b28a2618d43199da3a9ffeac89d10 [2ms]
[2022-03-06T11:50:22.529Z] > git symbolic-ref --short HEAD [1ms]
[2022-03-06T11:50:22.541Z] > git for-each-ref --format=%(refname)%00%(upstream:short)%00%(objectname)%00%(upstream:track) refs/heads/master refs/remotes/master [2ms]
[2022-03-06T11:50:22.564Z] > git for-each-ref --sort -committerdate --format %(refname) %(objectname) %(*objectname) [12ms]
[2022-03-06T11:50:22.565Z] > git remote --verbose [3ms]
[2022-03-06T11:50:22.579Z] > git config --get commit.template [2ms]
[2022-03-06T11:50:27.074Z] > git ls-files --stage -- /home/battos/Desktop/GoURLShrotener/shortener/db.go [2ms]
[2022-03-06T11:50:27.087Z] > git cat-file -s 574d1fdfe2fcdee50d7f6d04294b50b820b700eb [3ms]
[2022-03-06T11:50:44.711Z] > git ls-files --stage -- /home/battos/Desktop/GoURLShrotener/shortener/shortener.go [2ms]
[2022-03-06T11:50:44.724Z] > git cat-file -s 239662fe23e8f45148ea0474c18bd6f22e1ad40b [3ms]
[2022-03-06T11:51:00.379Z] > git ls-files --stage -- /home/battos/Desktop/GoURLShrotener/shortener/handlers.go [1ms]
[2022-03-06T11:51:00.389Z] > git cat-file -s 760cf1ef888b28a2618d43199da3a9ffeac89d10 [1ms]
[2022-03-06T11:51:02.160Z] > git ls-files --stage -- /home/battos/Desktop/GoURLShrotener/shortener/db.go [3ms]
[2022-03-06T11:51:02.170Z] > git cat-file -s 574d1fdfe2fcdee50d7f6d04294b50b820b700eb [1ms]
[2022-03-06T11:51:03.131Z] > git ls-files --stage -- /home/battos/Desktop/GoURLShrotener/shortener/shortener.go [2ms]
[2022-03-06T11:51:03.140Z] > git cat-file -s 239662fe23e8f45148ea0474c18bd6f22e1ad40b [1ms]
[2022-03-06T11:51:04.648Z] > git symbolic-ref --short HEAD [2ms]
[2022-03-06T11:51:04.660Z] > git for-each-ref --format=%(refname)%00%(upstream:short)%00%(objectname)%00%(upstream:track) refs/heads/master refs/remotes/master [2ms]
[2022-03-06T11:51:04.682Z] > git remote --verbose [2ms]
[2022-03-06T11:51:04.683Z] > git for-each-ref --sort -committerdate --format %(refname) %(objectname) %(*objectname) [12ms]
[2022-03-06T11:51:04.693Z] > git config --get commit.template [1ms]
[2022-03-06T11:54:05.499Z] > git ls-files --stage -- /home/battos/Desktop/GoURLShrotener/main.go [2ms]
[2022-03-06T11:54:05.509Z] > git cat-file -s 204a05f9d1e2b015ae905a515a18739e9c537cd7 [2ms]
[2022-03-06T11:54:23.169Z] > git symbolic-ref --short HEAD [1ms]
[2022-03-06T11:54:23.179Z] > git for-each-ref --format=%(refname)%00%(upstream:short)%00%(objectname)%00%(upstream:track) refs/heads/master refs/remotes/master [2ms]
[2022-03-06T11:54:23.200Z] > git for-each-ref --sort -committerdate --format %(refname) %(objectname) %(*objectname) [11ms]
[2022-03-06T11:54:23.201Z] > git remote --verbose [2ms]
[2022-03-06T11:54:23.212Z] > git config --get commit.template [2ms]
[2022-03-06T11:55:36.644Z] > git ls-files --stage -- /home/battos/Desktop/GoURLShrotener/shortener/shortener.go [3ms]
[2022-03-06T11:55:36.658Z] > git cat-file -s 239662fe23e8f45148ea0474c18bd6f22e1ad40b [3ms]
[2022-03-06T12:01:31.643Z] > git symbolic-ref --short HEAD [2ms]
[2022-03-06T12:01:31.652Z] > git for-each-ref --format=%(refname)%00%(upstream:short)%00%(objectname)%00%(upstream:track) refs/heads/master refs/remotes/master [1ms]
[2022-03-06T12:01:31.670Z] > git for-each-ref --sort -committerdate --format %(refname) %(objectname) %(*objectname) [9ms]
[2022-03-06T12:01:31.671Z] > git remote --verbose [2ms]
[2022-03-06T12:01:31.684Z] > git config --get commit.template [2ms]
[2022-03-06T12:25:55.432Z] > git symbolic-ref --short HEAD [2ms]
[2022-03-06T12:25:55.443Z] > git for-each-ref --format=%(refname)%00%(upstream:short)%00%(objectname)%00%(upstream:track) refs/heads/master refs/remotes/master [2ms]
[2022-03-06T12:25:55.461Z] > git for-each-ref --sort -committerdate --format %(refname) %(objectname) %(*objectname) [11ms]
[2022-03-06T12:25:55.462Z] > git remote --verbose [2ms]
[2022-03-06T12:25:55.475Z] > git config --get commit.template [1ms]
[2022-03-06T12:26:55.741Z] > git ls-files --stage -- /home/battos/Desktop/GoURLShrotener/shortener/handlers.go [2ms]
[2022-03-06T12:26:55.756Z] > git cat-file -s 760cf1ef888b28a2618d43199da3a9ffeac89d10 [3ms]
[2022-03-06T12:27:48.023Z] > git symbolic-ref --short HEAD [2ms]
[2022-03-06T12:27:48.034Z] > git for-each-ref --format=%(refname)%00%(upstream:short)%00%(objectname)%00%(upstream:track) refs/heads/master refs/remotes/master [1ms]
[2022-03-06T12:27:48.058Z] > git for-each-ref --sort -committerdate --format %(refname) %(objectname) %(*objectname) [12ms]
[2022-03-06T12:27:48.059Z] > git remote --verbose [2ms]
[2022-03-06T12:27:48.073Z] > git config --get commit.template [1ms]
[2022-03-06T12:28:46.363Z] > git ls-files --stage -- /home/battos/Desktop/GoURLShrotener/shortener/shortener.go [2ms]
[2022-03-06T12:28:46.374Z] > git cat-file -s 239662fe23e8f45148ea0474c18bd6f22e1ad40b [2ms]
[2022-03-06T12:29:35.676Z] > git symbolic-ref --short HEAD [2ms]
[2022-03-06T12:29:35.688Z] > git for-each-ref --format=%(refname)%00%(upstream:short)%00%(objectname)%00%(upstream:track) refs/heads/master refs/remotes/master [2ms]
[2022-03-06T12:29:35.710Z] > git for-each-ref --sort -committerdate --format %(refname) %(objectname) %(*objectname) [11ms]
[2022-03-06T12:29:35.711Z] > git remote --verbose [2ms]
[2022-03-06T12:29:35.722Z] > git config --get commit.template [1ms]
[2022-03-06T12:30:25.720Z] > git ls-files --stage -- /home/battos/Desktop/GoURLShrotener/shortener/handlers.go [5ms]
[2022-03-06T12:30:25.734Z] > git cat-file -s 760cf1ef888b28a2618d43199da3a9ffeac89d10 [3ms]
[2022-03-06T12:31:22.939Z] > git symbolic-ref --short HEAD [2ms]
[2022-03-06T12:31:22.951Z] > git for-each-ref --format=%(refname)%00%(upstream:short)%00%(objectname)%00%(upstream:track) refs/heads/master refs/remotes/master [2ms]
[2022-03-06T12:31:22.971Z] > git remote --verbose [1ms]
[2022-03-06T12:31:22.972Z] > git for-each-ref --sort -committerdate --format %(refname) %(objectname) %(*objectname) [11ms]
[2022-03-06T12:31:22.985Z] > git config --get commit.template [1ms]
[2022-03-06T12:32:44.251Z] > git symbolic-ref --short HEAD [2ms]
[2022-03-06T12:32:44.262Z] > git for-each-ref --format=%(refname)%00%(upstream:short)%00%(objectname)%00%(upstream:track) refs/heads/master refs/remotes/master [2ms]
[2022-03-06T12:32:44.281Z] > git for-each-ref --sort -committerdate --format %(refname) %(objectname) %(*objectname) [10ms]
[2022-03-06T12:32:44.282Z] > git remote --verbose [2ms]
[2022-03-06T12:32:44.295Z] > git config --get commit.template [2ms]
[2022-03-06T12:39:56.108Z] > git ls-files --stage -- /home/battos/Desktop/GoURLShrotener/index.html [2ms]
[2022-03-06T12:39:56.120Z] > git cat-file -s 3b9516ce83db0bc795ec4b97a438e0b6df7aed85 [2ms]
[2022-03-06T12:47:20.746Z] > git symbolic-ref --short HEAD [2ms]
[2022-03-06T12:47:20.763Z] > git for-each-ref --format=%(refname)%00%(upstream:short)%00%(objectname)%00%(upstream:track) refs/heads/master refs/remotes/master [1ms]
[2022-03-06T12:47:20.786Z] > git remote --verbose [3ms]
[2022-03-06T12:47:20.787Z] > git for-each-ref --sort -committerdate --format %(refname) %(objectname) %(*objectname) [14ms]
[2022-03-06T12:47:20.804Z] > git config --get commit.template [2ms]
[2022-03-06T12:50:39.856Z] > git symbolic-ref --short HEAD [2ms]
[2022-03-06T12:50:39.873Z] > git for-each-ref --format=%(refname)%00%(upstream:short)%00%(objectname)%00%(upstream:track) refs/heads/master refs/remotes/master [2ms]
[2022-03-06T12:50:39.896Z] > git remote --verbose [3ms]
[2022-03-06T12:50:39.897Z] > git for-each-ref --sort -committerdate --format %(refname) %(objectname) %(*objectname) [14ms]
[2022-03-06T12:50:39.912Z] > git config --get commit.template [2ms]
[2022-03-06T12:52:22.436Z] > git symbolic-ref --short HEAD [1ms]
[2022-03-06T12:52:22.450Z] > git for-each-ref --format=%(refname)%00%(upstream:short)%00%(objectname)%00%(upstream:track) refs/heads/master refs/remotes/master [3ms]
[2022-03-06T12:52:22.470Z] > git for-each-ref --sort -committerdate --format %(refname) %(objectname) %(*objectname) [12ms]
[2022-03-06T12:52:22.471Z] > git remote --verbose [3ms]
[2022-03-06T12:52:22.483Z] > git config --get commit.template [1ms]
[2022-03-06T12:53:51.365Z] > git symbolic-ref --short HEAD [2ms]
[2022-03-06T12:53:51.378Z] > git for-each-ref --format=%(refname)%00%(upstream:short)%00%(objectname)%00%(upstream:track) refs/heads/master refs/remotes/master [2ms]
[2022-03-06T12:53:51.401Z] > git for-each-ref --sort -committerdate --format %(refname) %(objectname) %(*objectname) [12ms]
[2022-03-06T12:53:51.402Z] > git remote --verbose [2ms]
[2022-03-06T12:53:51.416Z] > git config --get commit.template [2ms]
[2022-03-06T12:55:19.398Z] > git symbolic-ref --short HEAD [2ms]
[2022-03-06T12:55:19.411Z] > git for-each-ref --format=%(refname)%00%(upstream:short)%00%(objectname)%00%(upstream:track) refs/heads/master refs/remotes/master [2ms]
[2022-03-06T12:55:19.433Z] > git for-each-ref --sort -committerdate --format %(refname) %(objectname) %(*objectname) [11ms]
[2022-03-06T12:55:19.434Z] > git remote --verbose [2ms]
[2022-03-06T12:55:19.448Z] > git config --get commit.template [2ms]
[2022-03-06T12:55:20.256Z] > git ls-files --stage -- /home/battos/Desktop/GoURLShrotener/shortener/shortener.go [5ms]
[2022-03-06T12:55:20.269Z] > git cat-file -s 239662fe23e8f45148ea0474c18bd6f22e1ad40b [3ms]
[2022-03-06T12:55:24.137Z] > git ls-files --stage -- /home/battos/Desktop/GoURLShrotener/index.html [2ms]
[2022-03-06T12:55:24.149Z] > git cat-file -s 3b9516ce83db0bc795ec4b97a438e0b6df7aed85 [2ms]
[2022-03-06T12:55:25.601Z] > git ls-files --stage -- /home/battos/Desktop/GoURLShrotener/shortener/shortener.go [5ms]
[2022-03-06T12:55:25.617Z] > git cat-file -s 239662fe23e8f45148ea0474c18bd6f22e1ad40b [2ms]
[2022-03-06T12:55:27.252Z] > git ls-files --stage -- /home/battos/Desktop/GoURLShrotener/index.html [1ms]
[2022-03-06T12:55:27.262Z] > git cat-file -s 3b9516ce83db0bc795ec4b97a438e0b6df7aed85 [1ms]
[2022-03-06T12:55:45.536Z] > git symbolic-ref --short HEAD [2ms]
[2022-03-06T12:55:45.549Z] > git for-each-ref --format=%(refname)%00%(upstream:short)%00%(objectname)%00%(upstream:track) refs/heads/master refs/remotes/master [2ms]
[2022-03-06T12:55:45.571Z] > git for-each-ref --sort -committerdate --format %(refname) %(objectname) %(*objectname) [12ms]
[2022-03-06T12:55:45.571Z] > git remote --verbose [2ms]
[2022-03-06T12:55:45.585Z] > git config --get commit.template [2ms]
[2022-03-06T12:56:31.148Z] > git symbolic-ref --short HEAD [1ms]
[2022-03-06T12:56:31.160Z] > git for-each-ref --format=%(refname)%00%(upstream:short)%00%(objectname)%00%(upstream:track) refs/heads/master refs/remotes/master [2ms]
[2022-03-06T12:56:31.181Z] > git remote --verbose [1ms]
[2022-03-06T12:56:31.181Z] > git for-each-ref --sort -committerdate --format %(refname) %(objectname) %(*objectname) [10ms]
[2022-03-06T12:56:31.195Z] > git config --get commit.template [2ms]
[2022-03-06T12:57:32.782Z] > git symbolic-ref --short HEAD [1ms]
[2022-03-06T12:57:32.794Z] > git for-each-ref --format=%(refname)%00%(upstream:short)%00%(objectname)%00%(upstream:track) refs/heads/master refs/remotes/master [2ms]
[2022-03-06T12:57:32.815Z] > git for-each-ref --sort -committerdate --format %(refname) %(objectname) %(*objectname) [12ms]
[2022-03-06T12:57:32.815Z] > git remote --verbose [1ms]
[2022-03-06T12:57:32.829Z] > git config --get commit.template [3ms]
[2022-03-06T12:57:40.332Z] > git symbolic-ref --short HEAD [2ms]
[2022-03-06T12:57:40.345Z] > git for-each-ref --format=%(refname)%00%(upstream:short)%00%(objectname)%00%(upstream:track) refs/heads/master refs/remotes/master [3ms]
[2022-03-06T12:57:40.367Z] > git for-each-ref --sort -committerdate --format %(refname) %(objectname) %(*objectname) [11ms]
[2022-03-06T12:57:40.368Z] > git remote --verbose [2ms]
[2022-03-06T12:57:40.381Z] > git config --get commit.template [2ms]
[2022-03-06T12:58:20.517Z] > git symbolic-ref --short HEAD [1ms]
[2022-03-06T12:58:20.529Z] > git for-each-ref --format=%(refname)%00%(upstream:short)%00%(objectname)%00%(upstream:track) refs/heads/master refs/remotes/master [2ms]
[2022-03-06T12:58:20.552Z] > git for-each-ref --sort -committerdate --format %(refname) %(objectname) %(*objectname) [12ms]
[2022-03-06T12:58:20.553Z] > git remote --verbose [3ms]
[2022-03-06T12:58:20.567Z] > git config --get commit.template [1ms]
[2022-03-06T12:59:27.046Z] > git symbolic-ref --short HEAD [1ms]
[2022-03-06T12:59:27.056Z] > git for-each-ref --format=%(refname)%00%(upstream:short)%00%(objectname)%00%(upstream:track) refs/heads/master refs/remotes/master [1ms]
[2022-03-06T12:59:27.076Z] > git for-each-ref --sort -committerdate --format %(refname) %(objectname) %(*objectname) [12ms]
[2022-03-06T12:59:27.077Z] > git remote --verbose [2ms]
[2022-03-06T12:59:27.089Z] > git config --get commit.template [1ms]
[2022-03-06T13:00:03.191Z] > git symbolic-ref --short HEAD [1ms]
[2022-03-06T13:00:03.201Z] > git for-each-ref --format=%(refname)%00%(upstream:short)%00%(objectname)%00%(upstream:track) refs/heads/master refs/remotes/master [1ms]
[2022-03-06T13:00:03.224Z] > git for-each-ref --sort -committerdate --format %(refname) %(objectname) %(*objectname) [12ms]
[2022-03-06T13:00:03.224Z] > git remote --verbose [2ms]
[2022-03-06T13:00:03.238Z] > git config --get commit.template [1ms]
[2022-03-06T13:01:12.117Z] > git symbolic-ref --short HEAD [2ms]
[2022-03-06T13:01:12.128Z] > git for-each-ref --format=%(refname)%00%(upstream:short)%00%(objectname)%00%(upstream:track) refs/heads/master refs/remotes/master [2ms]
[2022-03-06T13:01:12.149Z] > git for-each-ref --sort -committerdate --format %(refname) %(objectname) %(*objectname) [11ms]
[2022-03-06T13:01:12.150Z] > git remote --verbose [2ms]
[2022-03-06T13:01:12.164Z] > git config --get commit.template [2ms]
[2022-03-06T13:01:56.534Z] > git ls-files --stage -- /home/battos/Desktop/GoURLShrotener/shortener/shortener.go [2ms]
[2022-03-06T13:01:56.545Z] > git cat-file -s 239662fe23e8f45148ea0474c18bd6f22e1ad40b [1ms]
[2022-03-06T13:02:52.100Z] > git ls-files --stage -- /home/battos/Desktop/GoURLShrotener/index.html [2ms]
[2022-03-06T13:02:52.114Z] > git cat-file -s 3b9516ce83db0bc795ec4b97a438e0b6df7aed85 [3ms]
[2022-03-06T13:09:59.849Z] > git symbolic-ref --short HEAD [2ms]
[2022-03-06T13:09:59.866Z] > git for-each-ref --format=%(refname)%00%(upstream:short)%00%(objectname)%00%(upstream:track) refs/heads/master refs/remotes/master [2ms]
[2022-03-06T13:09:59.891Z] > git remote --verbose [3ms]
[2022-03-06T13:09:59.892Z] > git for-each-ref --sort -committerdate --format %(refname) %(objectname) %(*objectname) [15ms]
[2022-03-06T13:09:59.910Z] > git config --get commit.template [2ms]
[2022-03-06T13:13:50.868Z] > git symbolic-ref --short HEAD [1ms]
[2022-03-06T13:13:50.885Z] > git for-each-ref --format=%(refname)%00%(upstream:short)%00%(objectname)%00%(upstream:track) refs/heads/master refs/remotes/master [2ms]
[2022-03-06T13:13:50.912Z] > git remote --verbose [3ms]
[2022-03-06T13:13:50.913Z] > git for-each-ref --sort -committerdate --format %(refname) %(objectname) %(*objectname) [16ms]
[2022-03-06T13:13:50.929Z] > git config --get commit.template [2ms]
[2022-03-06T13:16:14.738Z] > git symbolic-ref --short HEAD [1ms]
[2022-03-06T13:16:14.747Z] > git for-each-ref --format=%(refname)%00%(upstream:short)%00%(objectname)%00%(upstream:track) refs/heads/master refs/remotes/master [1ms]
[2022-03-06T13:16:14.766Z] > git remote --verbose [1ms]
[2022-03-06T13:16:14.767Z] > git for-each-ref --sort -committerdate --format %(refname) %(objectname) %(*objectname) [12ms]
[2022-03-06T13:16:14.778Z] > git config --get commit.template [1ms]
[2022-03-06T13:18:32.361Z] > git ls-files --stage -- /home/battos/Desktop/GoURLShrotener/shortener/shortener.go [3ms]
[2022-03-06T13:18:32.374Z] > git cat-file -s 239662fe23e8f45148ea0474c18bd6f22e1ad40b [1ms]
[2022-03-06T13:18:38.829Z] > git ls-files --stage -- /home/battos/Desktop/GoURLShrotener/shortener/helpers.go [2ms]
[2022-03-06T13:18:38.841Z] > git cat-file -s eb9991a2dc17154d5afccc810805f7b625986578 [2ms]
[2022-03-06T13:19:09.581Z] > git symbolic-ref --short HEAD [3ms]
[2022-03-06T13:19:09.594Z] > git for-each-ref --format=%(refname)%00%(upstream:short)%00%(objectname)%00%(upstream:track) refs/heads/master refs/remotes/master [3ms]
[2022-03-06T13:19:09.618Z] > git for-each-ref --sort -committerdate --format %(refname) %(objectname) %(*objectname) [12ms]
[2022-03-06T13:19:09.619Z] > git remote --verbose [2ms]
[2022-03-06T13:19:09.633Z] > git config --get commit.template [2ms]
[2022-03-06T13:19:44.531Z] > git symbolic-ref --short HEAD [2ms]
[2022-03-06T13:19:44.545Z] > git for-each-ref --format=%(refname)%00%(upstream:short)%00%(objectname)%00%(upstream:track) refs/heads/master refs/remotes/master [2ms]
[2022-03-06T13:19:44.569Z] > git for-each-ref --sort -committerdate --format %(refname) %(objectname) %(*objectname) [12ms]
[2022-03-06T13:19:44.570Z] > git remote --verbose [2ms]
[2022-03-06T13:19:44.585Z] > git config --get commit.template [2ms]
[2022-03-06T13:19:46.472Z] > git ls-files --stage -- /home/battos/Desktop/GoURLShrotener/shortener/shortener.go [3ms]
[2022-03-06T13:19:46.489Z] > git cat-file -s 239662fe23e8f45148ea0474c18bd6f22e1ad40b [2ms]
[2022-03-06T13:20:09.761Z] > git ls-files --stage -- /home/battos/Desktop/GoURLShrotener/shortener/handlers.go [2ms]
[2022-03-06T13:20:09.771Z] > git cat-file -s 760cf1ef888b28a2618d43199da3a9ffeac89d10 [2ms]
[2022-03-06T13:20:47.030Z] > git symbolic-ref --short HEAD [1ms]
[2022-03-06T13:20:47.041Z] > git for-each-ref --format=%(refname)%00%(upstream:short)%00%(objectname)%00%(upstream:track) refs/heads/master refs/remotes/master [1ms]
[2022-03-06T13:20:47.058Z] > git remote --verbose [1ms]
[2022-03-06T13:20:47.059Z] > git for-each-ref --sort -committerdate --format %(refname) %(objectname) %(*objectname) [10ms]
[2022-03-06T13:20:47.071Z] > git config --get commit.template [1ms]
[2022-03-06T13:20:47.125Z] > git ls-files --stage -- /home/battos/Desktop/GoURLShrotener/shortener/handlers.go [2ms]
[2022-03-06T13:20:47.138Z] > git cat-file -s 760cf1ef888b28a2618d43199da3a9ffeac89d10 [2ms]
[2022-03-06T13:21:45.653Z] > git ls-files --stage -- /home/battos/Desktop/GoURLShrotener/index.html [3ms]
[2022-03-06T13:21:45.667Z] > git cat-file -s 3b9516ce83db0bc795ec4b97a438e0b6df7aed85 [2ms]
[2022-03-06T13:23:11.698Z] > git symbolic-ref --short HEAD [2ms]
[2022-03-06T13:23:11.713Z] > git for-each-ref --format=%(refname)%00%(upstream:short)%00%(objectname)%00%(upstream:track) refs/heads/master refs/remotes/master [2ms]
[2022-03-06T13:23:11.734Z] > git for-each-ref --sort -committerdate --format %(refname) %(objectname) %(*objectname) [12ms]
[2022-03-06T13:23:11.734Z] > git remote --verbose [2ms]
[2022-03-06T13:23:11.749Z] > git config --get commit.template [1ms]
[2022-03-06T13:27:59.428Z] > git symbolic-ref --short HEAD [2ms]
[2022-03-06T13:27:59.442Z] > git for-each-ref --format=%(refname)%00%(upstream:short)%00%(objectname)%00%(upstream:track) refs/heads/master refs/remotes/master [2ms]
[2022-03-06T13:27:59.466Z] > git for-each-ref --sort -committerdate --format %(refname) %(objectname) %(*objectname) [12ms]
[2022-03-06T13:27:59.467Z] > git remote --verbose [2ms]
[2022-03-06T13:27:59.478Z] > git config --get commit.template [2ms]
[2022-03-06T13:28:24.726Z] > git symbolic-ref --short HEAD [2ms]
[2022-03-06T13:28:24.738Z] > git for-each-ref --format=%(refname)%00%(upstream:short)%00%(objectname)%00%(upstream:track) refs/heads/master refs/remotes/master [2ms]
[2022-03-06T13:28:24.758Z] > git for-each-ref --sort -committerdate --format %(refname) %(objectname) %(*objectname) [11ms]
[2022-03-06T13:28:24.758Z] > git remote --verbose [2ms]
[2022-03-06T13:28:24.769Z] > git config --get commit.template [2ms]
[2022-03-06T13:38:51.057Z] > git ls-files --stage -- /home/battos/Desktop/GoURLShrotener/shortener/shortener.go [5ms]
[2022-03-06T13:38:51.072Z] > git cat-file -s 239662fe23e8f45148ea0474c18bd6f22e1ad40b [3ms]
[2022-03-06T13:39:29.243Z] > git symbolic-ref --short HEAD [2ms]
[2022-03-06T13:39:29.255Z] > git for-each-ref --format=%(refname)%00%(upstream:short)%00%(objectname)%00%(upstream:track) refs/heads/master refs/remotes/master [1ms]
[2022-03-06T13:39:29.275Z] > git remote --verbose [2ms]
[2022-03-06T13:39:29.275Z] > git for-each-ref --sort -committerdate --format %(refname) %(objectname) %(*objectname) [10ms]
[2022-03-06T13:39:29.289Z] > git config --get commit.template [2ms]
[2022-03-06T13:40:33.038Z] > git symbolic-ref --short HEAD [1ms]
[2022-03-06T13:40:33.047Z] > git for-each-ref --format=%(refname)%00%(upstream:short)%00%(objectname)%00%(upstream:track) refs/heads/master refs/remotes/master [1ms]
[2022-03-06T13:40:33.065Z] > git remote --verbose [1ms]
[2022-03-06T13:40:33.065Z] > git for-each-ref --sort -committerdate --format %(refname) %(objectname) %(*objectname) [10ms]
[2022-03-06T13:40:33.077Z] > git config --get commit.template [2ms]
[2022-03-06T13:41:37.549Z] > git ls-files --stage -- /home/battos/Desktop/GoURLShrotener/shortener/db.go [3ms]
[2022-03-06T13:41:37.562Z] > git cat-file -s 574d1fdfe2fcdee50d7f6d04294b50b820b700eb [1ms]
[2022-03-06T13:41:54.863Z] > git symbolic-ref --short HEAD [1ms]
[2022-03-06T13:41:54.876Z] > git for-each-ref --format=%(refname)%00%(upstream:short)%00%(objectname)%00%(upstream:track) refs/heads/master refs/remotes/master [2ms]
[2022-03-06T13:41:54.896Z] > git remote --verbose [2ms]
[2022-03-06T13:41:54.896Z] > git for-each-ref --sort -committerdate --format %(refname) %(objectname) %(*objectname) [12ms]
[2022-03-06T13:41:54.913Z] > git config --get commit.template [3ms]
[2022-03-06T13:55:46.202Z] > git ls-files --stage -- /home/battos/Desktop/GoURLShrotener/shortener/shortener.go [3ms]
[2022-03-06T13:55:46.212Z] > git cat-file -s 239662fe23e8f45148ea0474c18bd6f22e1ad40b [1ms]
[2022-03-06T13:56:10.007Z] > git log --format=%H%n%aN%n%aE%n%at%n%ct%n%P%n%B -z -n21 -- /home/battos/Desktop/GoURLShrotener/shortener/shortener.go [8ms]
[2022-03-06T13:57:45.701Z] > git symbolic-ref --short HEAD [4ms]
[2022-03-06T13:57:45.713Z] > git for-each-ref --format=%(refname)%00%(upstream:short)%00%(objectname)%00%(upstream:track) refs/heads/master refs/remotes/master [1ms]
[2022-03-06T13:57:45.738Z] > git for-each-ref --sort -committerdate --format %(refname) %(objectname) %(*objectname) [12ms]
[2022-03-06T13:57:45.739Z] > git remote --verbose [2ms]
[2022-03-06T13:57:45.754Z] > git config --get commit.template [2ms]
[2022-03-06T13:58:09.737Z] > git ls-files --stage -- /home/battos/Desktop/GoURLShrotener/main.go [1ms]
[2022-03-06T13:58:09.750Z] > git cat-file -s 204a05f9d1e2b015ae905a515a18739e9c537cd7 [3ms]
[2022-03-06T13:58:19.825Z] > git ls-files --stage -- /home/battos/Desktop/GoURLShrotener/shortener/shortener.go [5ms]
[2022-03-06T13:58:19.840Z] > git cat-file -s 239662fe23e8f45148ea0474c18bd6f22e1ad40b [4ms]
[2022-03-06T13:58:24.548Z] > git symbolic-ref --short HEAD [2ms]
[2022-03-06T13:58:24.558Z] > git for-each-ref --format=%(refname)%00%(upstream:short)%00%(objectname)%00%(upstream:track) refs/heads/master refs/remotes/master [1ms]
[2022-03-06T13:58:24.580Z] > git remote --verbose [3ms]
[2022-03-06T13:58:24.580Z] > git for-each-ref --sort -committerdate --format %(refname) %(objectname) %(*objectname) [14ms]
[2022-03-06T13:58:24.591Z] > git config --get commit.template [1ms]
[2022-03-06T13:58:35.157Z] > git symbolic-ref --short HEAD [1ms]
[2022-03-06T13:58:35.167Z] > git for-each-ref --format=%(refname)%00%(upstream:short)%00%(objectname)%00%(upstream:track) refs/heads/master refs/remotes/master [1ms]
[2022-03-06T13:58:35.187Z] > git for-each-ref --sort -committerdate --format %(refname) %(objectname) %(*objectname) [12ms]
[2022-03-06T13:58:35.187Z] > git remote --verbose [3ms]
[2022-03-06T13:58:35.202Z] > git config --get commit.template [2ms]
[2022-03-06T13:58:40.231Z] > git symbolic-ref --short HEAD [2ms]
[2022-03-06T13:58:40.243Z] > git for-each-ref --format=%(refname)%00%(upstream:short)%00%(objectname)%00%(upstream:track) refs/heads/master refs/remotes/master [3ms]
[2022-03-06T13:58:40.264Z] > git for-each-ref --sort -committerdate --format %(refname) %(objectname) %(*objectname) [10ms]
[2022-03-06T13:58:40.265Z] > git remote --verbose [1ms]
[2022-03-06T13:58:40.276Z] > git config --get commit.template [1ms]
[2022-03-06T13:58:45.308Z] > git symbolic-ref --short HEAD [2ms]
[2022-03-06T13:58:45.320Z] > git for-each-ref --format=%(refname)%00%(upstream:short)%00%(objectname)%00%(upstream:track) refs/heads/master refs/remotes/master [2ms]
[2022-03-06T13:58:45.340Z] > git remote --verbose [1ms]
[2022-03-06T13:58:45.341Z] > git for-each-ref --sort -committerdate --format %(refname) %(objectname) %(*objectname) [11ms]
[2022-03-06T13:58:45.357Z] > git config --get commit.template [2ms]
[2022-03-06T13:58:50.382Z] > git symbolic-ref --short HEAD [1ms]
[2022-03-06T13:58:50.393Z] > git for-each-ref --format=%(refname)%00%(upstream:short)%00%(objectname)%00%(upstream:track) refs/heads/master refs/remotes/master [3ms]
[2022-03-06T13:58:50.415Z] > git for-each-ref --sort -committerdate --format %(refname) %(objectname) %(*objectname) [12ms]
[2022-03-06T13:58:50.416Z] > git remote --verbose [2ms]
[2022-03-06T13:58:50.429Z] > git config --get commit.template [2ms]
[2022-03-06T13:58:55.453Z] > git symbolic-ref --short HEAD [2ms]
[2022-03-06T13:58:55.465Z] > git for-each-ref --format=%(refname)%00%(upstream:short)%00%(objectname)%00%(upstream:track) refs/heads/master refs/remotes/master [3ms]
[2022-03-06T13:58:55.485Z] > git for-each-ref --sort -committerdate --format %(refname) %(objectname) %(*objectname) [12ms]
[2022-03-06T13:58:55.485Z] > git remote --verbose [1ms]
[2022-03-06T13:58:55.496Z] > git config --get commit.template [1ms]
[2022-03-06T13:59:00.516Z] > git ls-files --stage -- /home/battos/Desktop/GoURLShrotener/static/css/style.css [1ms]
[2022-03-06T13:59:01.280Z] > git symbolic-ref --short HEAD [2ms]
[2022-03-06T13:59:01.292Z] > git for-each-ref --format=%(refname)%00%(upstream:short)%00%(objectname)%00%(upstream:track) refs/heads/master refs/remotes/master [1ms]
[2022-03-06T13:59:01.316Z] > git for-each-ref --sort -committerdate --format %(refname) %(objectname) %(*objectname) [12ms]
[2022-03-06T13:59:01.316Z] > git remote --verbose [2ms]
[2022-03-06T13:59:01.327Z] > git config --get commit.template [2ms]
[2022-03-06T13:59:07.859Z] > git ls-files --stage -- /home/battos/Desktop/GoURLShrotener/static/js/script.js [15ms]
[2022-03-06T13:59:08.380Z] > git symbolic-ref --short HEAD [3ms]
[2022-03-06T13:59:08.392Z] > git for-each-ref --format=%(refname)%00%(upstream:short)%00%(objectname)%00%(upstream:track) refs/heads/master refs/remotes/master [2ms]
[2022-03-06T13:59:08.415Z] > git for-each-ref --sort -committerdate --format %(refname) %(objectname) %(*objectname) [11ms]
[2022-03-06T13:59:08.417Z] > git remote --verbose [3ms]
[2022-03-06T13:59:08.429Z] > git config --get commit.template [1ms]
[2022-03-06T13:59:09.356Z] > git ls-files --stage -- /home/battos/Desktop/GoURLShrotener/static/css/style.css [2ms]
[2022-03-06T13:59:10.314Z] > git ls-files --stage -- /home/battos/Desktop/GoURLShrotener/index.html [3ms]
[2022-03-06T13:59:10.328Z] > git cat-file -s 3b9516ce83db0bc795ec4b97a438e0b6df7aed85 [2ms]
[2022-03-06T13:59:23.339Z] > git ls-files --stage -- /home/battos/Desktop/GoURLShrotener/static/css/style.css [5ms]
[2022-03-06T13:59:29.480Z] > git ls-files --stage -- /home/battos/Desktop/GoURLShrotener/static/js/script.js [10ms]
[2022-03-06T13:59:29.481Z] > git symbolic-ref --short HEAD [2ms]
[2022-03-06T13:59:29.491Z] > git for-each-ref --format=%(refname)%00%(upstream:short)%00%(objectname)%00%(upstream:track) refs/heads/master refs/remotes/master [2ms]
[2022-03-06T13:59:29.511Z] > git for-each-ref --sort -committerdate --format %(refname) %(objectname) %(*objectname) [11ms]
[2022-03-06T13:59:29.512Z] > git remote --verbose [2ms]
[2022-03-06T13:59:29.524Z] > git config --get commit.template [3ms]
[2022-03-06T13:59:30.658Z] > git ls-files --stage -- /home/battos/Desktop/GoURLShrotener/index.html [3ms]
[2022-03-06T13:59:30.667Z] > git cat-file -s 3b9516ce83db0bc795ec4b97a438e0b6df7aed85 [1ms]
[2022-03-06T13:59:45.535Z] > git ls-files --stage -- /home/battos/Desktop/GoURLShrotener/static/js/script.js [2ms]
[2022-03-06T13:59:49.371Z] > git symbolic-ref --short HEAD [4ms]
[2022-03-06T13:59:49.380Z] > git for-each-ref --format=%(refname)%00%(upstream:short)%00%(objectname)%00%(upstream:track) refs/heads/master refs/remotes/master [1ms]
[2022-03-06T13:59:49.397Z] > git remote --verbose [1ms]
[2022-03-06T13:59:49.398Z] > git for-each-ref --sort -committerdate --format %(refname) %(objectname) %(*objectname) [10ms]
[2022-03-06T13:59:49.411Z] > git config --get commit.template [4ms]
[2022-03-06T13:59:58.274Z] > git ls-files --stage -- /home/battos/Desktop/GoURLShrotener/shortener/handlers.go [2ms]
[2022-03-06T13:59:58.283Z] > git cat-file -s 760cf1ef888b28a2618d43199da3a9ffeac89d10 [2ms]
[2022-03-06T14:01:44.786Z] > git symbolic-ref --short HEAD [2ms]
[2022-03-06T14:01:44.807Z] > git for-each-ref --format=%(refname)%00%(upstream:short)%00%(objectname)%00%(upstream:track) refs/heads/master refs/remotes/master [10ms]
[2022-03-06T14:01:44.824Z] > git remote --verbose [2ms]
[2022-03-06T14:01:44.824Z] > git for-each-ref --sort -committerdate --format %(refname) %(objectname) %(*objectname) [9ms]
[2022-03-06T14:01:44.835Z] > git config --get commit.template [2ms]
[2022-03-06T14:01:49.866Z] > git symbolic-ref --short HEAD [1ms]
[2022-03-06T14:01:49.876Z] > git for-each-ref --format=%(refname)%00%(upstream:short)%00%(objectname)%00%(upstream:track) refs/heads/master refs/remotes/master [1ms]
[2022-03-06T14:01:49.902Z] > git remote --verbose [2ms]
[2022-03-06T14:01:49.902Z] > git for-each-ref --sort -committerdate --format %(refname) %(objectname) %(*objectname) [13ms]
[2022-03-06T14:01:49.914Z] > git config --get commit.template [1ms]
[2022-03-06T14:01:55.462Z] > git symbolic-ref --short HEAD [1ms]
[2022-03-06T14:01:55.474Z] > git for-each-ref --format=%(refname)%00%(upstream:short)%00%(objectname)%00%(upstream:track) refs/heads/master refs/remotes/master [2ms]
[2022-03-06T14:01:55.495Z] > git remote --verbose [1ms]
[2022-03-06T14:01:55.496Z] > git for-each-ref --sort -committerdate --format %(refname) %(objectname) %(*objectname) [11ms]
[2022-03-06T14:01:55.512Z] > git config --get commit.template [3ms]
[2022-03-06T14:02:05.872Z] > git symbolic-ref --short HEAD [1ms]
[2022-03-06T14:02:05.883Z] > git for-each-ref --format=%(refname)%00%(upstream:short)%00%(objectname)%00%(upstream:track) refs/heads/master refs/remotes/master [2ms]
[2022-03-06T14:02:05.908Z] > git for-each-ref --sort -committerdate --format %(refname) %(objectname) %(*objectname) [13ms]
[2022-03-06T14:02:05.909Z] > git remote --verbose [2ms]
[2022-03-06T14:02:05.924Z] > git config --get commit.template [2ms]
[2022-03-06T14:02:35.091Z] > git symbolic-ref --short HEAD [1ms]
[2022-03-06T14:02:35.100Z] > git for-each-ref --format=%(refname)%00%(upstream:short)%00%(objectname)%00%(upstream:track) refs/heads/master refs/remotes/master [1ms]
[2022-03-06T14:02:35.117Z] > git for-each-ref --sort -committerdate --format %(refname) %(objectname) %(*objectname) [9ms]
[2022-03-06T14:02:35.117Z] > git remote --verbose [2ms]
[2022-03-06T14:02:35.128Z] > git config --get commit.template [1ms]
[2022-03-06T14:02:40.153Z] > git symbolic-ref --short HEAD [1ms]
[2022-03-06T14:02:40.165Z] > git for-each-ref --format=%(refname)%00%(upstream:short)%00%(objectname)%00%(upstream:track) refs/heads/master refs/remotes/master [3ms]
[2022-03-06T14:02:40.183Z] > git for-each-ref --sort -committerdate --format %(refname) %(objectname) %(*objectname) [10ms]
[2022-03-06T14:02:40.183Z] > git remote --verbose [2ms]
[2022-03-06T14:02:40.198Z] > git config --get commit.template [2ms]
[2022-03-06T14:02:45.223Z] > git symbolic-ref --short HEAD [2ms]
[2022-03-06T14:02:45.234Z] > git for-each-ref --format=%(refname)%00%(upstream:short)%00%(objectname)%00%(upstream:track) refs/heads/master refs/remotes/master [2ms]
[2022-03-06T14:02:45.262Z] > git for-each-ref --sort -committerdate --format %(refname) %(objectname) %(*objectname) [17ms]
[2022-03-06T14:02:45.263Z] > git remote --verbose [2ms]
[2022-03-06T14:02:45.278Z] > git config --get commit.template [1ms]
[2022-03-06T14:03:44.561Z] > git ls-files --stage -- /home/battos/Desktop/GoURLShrotener/main.go [1ms]
[2022-03-06T14:03:44.571Z] > git cat-file -s 204a05f9d1e2b015ae905a515a18739e9c537cd7 [1ms]
[2022-03-06T14:03:48.774Z] > git ls-files --stage -- /home/battos/Desktop/GoURLShrotener/shortener/handlers.go [2ms]
[2022-03-06T14:03:48.788Z] > git cat-file -s 760cf1ef888b28a2618d43199da3a9ffeac89d10 [2ms]
[2022-03-06T14:04:32.113Z] > git symbolic-ref --short HEAD [1ms]
[2022-03-06T14:04:32.126Z] > git for-each-ref --format=%(refname)%00%(upstream:short)%00%(objectname)%00%(upstream:track) refs/heads/master refs/remotes/master [2ms]
[2022-03-06T14:04:32.150Z] > git for-each-ref --sort -committerdate --format %(refname) %(objectname) %(*objectname) [12ms]
[2022-03-06T14:04:32.151Z] > git remote --verbose [3ms]
[2022-03-06T14:04:32.165Z] > git config --get commit.template [1ms]
[2022-03-06T14:04:39.949Z] > git ls-files --stage -- /home/battos/Desktop/GoURLShrotener/index.html [3ms]
[2022-03-06T14:04:39.964Z] > git cat-file -s 3b9516ce83db0bc795ec4b97a438e0b6df7aed85 [1ms]
[2022-03-06T14:06:41.342Z] > git symbolic-ref --short HEAD [2ms]
[2022-03-06T14:06:41.355Z] > git for-each-ref --format=%(refname)%00%(upstream:short)%00%(objectname)%00%(upstream:track) refs/heads/master refs/remotes/master [2ms]
[2022-03-06T14:06:41.378Z] > git for-each-ref --sort -committerdate --format %(refname) %(objectname) %(*objectname) [12ms]
[2022-03-06T14:06:41.379Z] > git remote --verbose [2ms]
[2022-03-06T14:06:41.395Z] > git config --get commit.template [2ms]
[2022-03-06T14:08:49.345Z] > git ls-files --stage -- /home/battos/Desktop/GoURLShrotener/main.go [2ms]
[2022-03-06T14:08:49.359Z] > git cat-file -s 204a05f9d1e2b015ae905a515a18739e9c537cd7 [2ms]
[2022-03-06T14:08:56.477Z] > git ls-files --stage -- /home/battos/Desktop/GoURLShrotener/shortener/handlers.go [3ms]
[2022-03-06T14:08:56.491Z] > git cat-file -s 760cf1ef888b28a2618d43199da3a9ffeac89d10 [3ms]
[2022-03-06T14:11:52.572Z] > git symbolic-ref --short HEAD [2ms]
[2022-03-06T14:11:52.585Z] > git for-each-ref --format=%(refname)%00%(upstream:short)%00%(objectname)%00%(upstream:track) refs/heads/master refs/remotes/master [1ms]
[2022-03-06T14:11:52.608Z] > git for-each-ref --sort -committerdate --format %(refname) %(objectname) %(*objectname) [13ms]
[2022-03-06T14:11:52.608Z] > git remote --verbose [2ms]
[2022-03-06T14:11:52.622Z] > git config --get commit.template [2ms]
[2022-03-06T14:18:20.322Z] > git symbolic-ref --short HEAD [2ms]
[2022-03-06T14:18:20.334Z] > git for-each-ref --format=%(refname)%00%(upstream:short)%00%(objectname)%00%(upstream:track) refs/heads/master refs/remotes/master [3ms]
[2022-03-06T14:18:20.361Z] > git for-each-ref --sort -committerdate --format %(refname) %(objectname) %(*objectname) [13ms]
[2022-03-06T14:18:20.362Z] > git remote --verbose [3ms]
[2022-03-06T14:18:20.378Z] > git config --get commit.template [2ms]
[2022-03-06T14:18:50.881Z] > git ls-files --stage -- /home/battos/Desktop/GoURLShrotener/index.html [2ms]
[2022-03-06T14:18:50.894Z] > git cat-file -s 3b9516ce83db0bc795ec4b97a438e0b6df7aed85 [2ms]
[2022-03-06T14:18:55.090Z] > git ls-files --stage -- /home/battos/Desktop/GoURLShrotener/shortener/handlers.go [3ms]
[2022-03-06T14:18:55.103Z] > git cat-file -s 760cf1ef888b28a2618d43199da3a9ffeac89d10 [2ms]
[2022-03-06T14:19:02.682Z] > git ls-files --stage -- /home/battos/Desktop/GoURLShrotener/shortener/shortener.go [2ms]
[2022-03-06T14:19:02.695Z] > git cat-file -s 239662fe23e8f45148ea0474c18bd6f22e1ad40b [2ms]
[2022-03-06T14:19:03.075Z] > git symbolic-ref --short HEAD [1ms]
[2022-03-06T14:19:03.084Z] > git for-each-ref --format=%(refname)%00%(upstream:short)%00%(objectname)%00%(upstream:track) refs/heads/master refs/remotes/master [1ms]
[2022-03-06T14:19:03.104Z] > git for-each-ref --sort -committerdate --format %(refname) %(objectname) %(*objectname) [11ms]
[2022-03-06T14:19:03.104Z] > git remote --verbose [2ms]
[2022-03-06T14:19:03.116Z] > git config --get commit.template [3ms]
[2022-03-06T14:19:18.672Z] > git symbolic-ref --short HEAD [2ms]
[2022-03-06T14:19:18.686Z] > git for-each-ref --format=%(refname)%00%(upstream:short)%00%(objectname)%00%(upstream:track) refs/heads/master refs/remotes/master [2ms]
[2022-03-06T14:19:18.706Z] > git for-each-ref --sort -committerdate --format %(refname) %(objectname) %(*objectname) [11ms]
[2022-03-06T14:19:18.707Z] > git remote --verbose [2ms]
[2022-03-06T14:19:18.722Z] > git config --get commit.template [2ms]
[2022-03-06T14:19:20.519Z] > git ls-files --stage -- /home/battos/Desktop/GoURLShrotener/index.html [3ms]
[2022-03-06T14:19:20.534Z] > git cat-file -s 3b9516ce83db0bc795ec4b97a438e0b6df7aed85 [2ms]
[2022-03-06T14:19:59.361Z] > git symbolic-ref --short HEAD [2ms]
[2022-03-06T14:19:59.377Z] > git for-each-ref --format=%(refname)%00%(upstream:short)%00%(objectname)%00%(upstream:track) refs/heads/master refs/remotes/master [3ms]
[2022-03-06T14:19:59.402Z] > git for-each-ref --sort -committerdate --format %(refname) %(objectname) %(*objectname) [13ms]
[2022-03-06T14:19:59.402Z] > git remote --verbose [2ms]
[2022-03-06T14:19:59.417Z] > git config --get commit.template [2ms]
[2022-03-06T14:20:02.717Z] > git ls-files --stage -- /home/battos/Desktop/GoURLShrotener/static/js/script.js [4ms]
[2022-03-06T14:24:33.870Z] > git symbolic-ref --short HEAD [2ms]
[2022-03-06T14:24:33.885Z] > git for-each-ref --format=%(refname)%00%(upstream:short)%00%(objectname)%00%(upstream:track) refs/heads/master refs/remotes/master [2ms]
[2022-03-06T14:24:33.911Z] > git remote --verbose [3ms]
[2022-03-06T14:24:33.912Z] > git for-each-ref --sort -committerdate --format %(refname) %(objectname) %(*objectname) [13ms]
[2022-03-06T14:24:33.931Z] > git config --get commit.template [2ms]
[2022-03-06T14:26:26.180Z] > git ls-files --stage -- /home/battos/Desktop/GoURLShrotener/shortener/handlers.go [3ms]
[2022-03-06T14:26:26.197Z] > git cat-file -s 760cf1ef888b28a2618d43199da3a9ffeac89d10 [2ms]
[2022-03-06T14:27:22.113Z] > git symbolic-ref --short HEAD [2ms]
[2022-03-06T14:27:22.124Z] > git for-each-ref --format=%(refname)%00%(upstream:short)%00%(objectname)%00%(upstream:track) refs/heads/master refs/remotes/master [1ms]
[2022-03-06T14:27:22.144Z] > git for-each-ref --sort -committerdate --format %(refname) %(objectname) %(*objectname) [10ms]
[2022-03-06T14:27:22.145Z] > git remote --verbose [2ms]
[2022-03-06T14:27:22.158Z] > git config --get commit.template [2ms]
[2022-03-06T14:27:24.728Z] > git ls-files --stage -- /home/battos/Desktop/GoURLShrotener/index.html [2ms]
[2022-03-06T14:27:24.738Z] > git cat-file -s 3b9516ce83db0bc795ec4b97a438e0b6df7aed85 [1ms]
[2022-03-06T14:27:26.314Z] > git ls-files --stage -- /home/battos/Desktop/GoURLShrotener/static/js/script.js [2ms]
[2022-03-06T14:29:01.495Z] > git symbolic-ref --short HEAD [1ms]
[2022-03-06T14:29:01.507Z] > git for-each-ref --format=%(refname)%00%(upstream:short)%00%(objectname)%00%(upstream:track) refs/heads/master refs/remotes/master [2ms]
[2022-03-06T14:29:01.526Z] > git for-each-ref --sort -committerdate --format %(refname) %(objectname) %(*objectname) [9ms]
[2022-03-06T14:29:01.527Z] > git remote --verbose [2ms]
[2022-03-06T14:29:01.540Z] > git config --get commit.template [1ms]
[2022-03-06T14:29:16.573Z] > git symbolic-ref --short HEAD [3ms]
[2022-03-06T14:29:16.585Z] > git for-each-ref --format=%(refname)%00%(upstream:short)%00%(objectname)%00%(upstream:track) refs/heads/master refs/remotes/master [1ms]
[2022-03-06T14:29:16.606Z] > git for-each-ref --sort -committerdate --format %(refname) %(objectname) %(*objectname) [9ms]
[2022-03-06T14:29:16.607Z] > git remote --verbose [1ms]
[2022-03-06T14:29:16.617Z] > git config --get commit.template [1ms]
[2022-03-06T14:31:27.829Z] > git symbolic-ref --short HEAD [1ms]
[2022-03-06T14:31:27.838Z] > git for-each-ref --format=%(refname)%00%(upstream:short)%00%(objectname)%00%(upstream:track) refs/heads/master refs/remotes/master [1ms]
[2022-03-06T14:31:27.859Z] > git for-each-ref --sort -committerdate --format %(refname) %(objectname) %(*objectname) [9ms]
[2022-03-06T14:31:27.859Z] > git remote --verbose [1ms]
[2022-03-06T14:31:27.874Z] > git config --get commit.template [1ms]
[2022-03-06T14:31:34.660Z] > git ls-files --stage -- /home/battos/Desktop/GoURLShrotener/shortener/shortener.go [3ms]
[2022-03-06T14:31:34.675Z] > git cat-file -s 239662fe23e8f45148ea0474c18bd6f22e1ad40b [3ms]
[2022-03-06T14:31:40.966Z] > git symbolic-ref --short HEAD [2ms]
[2022-03-06T14:31:40.978Z] > git for-each-ref --format=%(refname)%00%(upstream:short)%00%(objectname)%00%(upstream:track) refs/heads/master refs/remotes/master [2ms]
[2022-03-06T14:31:40.998Z] > git for-each-ref --sort -committerdate --format %(refname) %(objectname) %(*objectname) [10ms]
[2022-03-06T14:31:40.999Z] > git remote --verbose [2ms]
[2022-03-06T14:31:41.011Z] > git config --get commit.template [2ms]
[2022-03-06T14:31:53.891Z] > git symbolic-ref --short HEAD [2ms]
[2022-03-06T14:31:53.901Z] > git for-each-ref --format=%(refname)%00%(upstream:short)%00%(objectname)%00%(upstream:track) refs/heads/master refs/remotes/master [1ms]
[2022-03-06T14:31:53.923Z] > git for-each-ref --sort -committerdate --format %(refname) %(objectname) %(*objectname) [12ms]
[2022-03-06T14:31:53.924Z] > git remote --verbose [2ms]
[2022-03-06T14:31:53.940Z] > git config --get commit.template [2ms]
[2022-03-06T14:34:15.477Z] > git symbolic-ref --short HEAD [2ms]
[2022-03-06T14:34:15.489Z] > git for-each-ref --format=%(refname)%00%(upstream:short)%00%(objectname)%00%(upstream:track) refs/heads/master refs/remotes/master [2ms]
[2022-03-06T14:34:15.509Z] > git for-each-ref --sort -committerdate --format %(refname) %(objectname) %(*objectname) [10ms]
[2022-03-06T14:34:15.510Z] > git remote --verbose [2ms]
[2022-03-06T14:34:15.523Z] > git config --get commit.template [1ms]
[2022-03-06T14:34:15.576Z] > git ls-files --stage -- /home/battos/Desktop/GoURLShrotener/shortener/shortener.go [2ms]
[2022-03-06T14:34:15.588Z] > git cat-file -s 36db3b9f10236bd090fbd9e08f20741962494259 [2ms]
[2022-03-06T14:36:04.254Z] > git symbolic-ref --short HEAD [2ms]
[2022-03-06T14:36:04.270Z] > git for-each-ref --format=%(refname)%00%(upstream:short)%00%(objectname)%00%(upstream:track) refs/heads/master refs/remotes/master [2ms]
[2022-03-06T14:36:04.289Z] > git remote --verbose [1ms]
[2022-03-06T14:36:04.290Z] > git for-each-ref --sort -committerdate --format %(refname) %(objectname) %(*objectname) [11ms]
[2022-03-06T14:36:04.304Z] > git config --get commit.template [1ms]
[2022-03-06T14:36:04.422Z] > git ls-files --stage -- /home/battos/Desktop/GoURLShrotener/shortener/shortener.go [2ms]
[2022-03-06T14:36:04.431Z] > git cat-file -s 36db3b9f10236bd090fbd9e08f20741962494259 [1ms]
[2022-03-06T14:36:45.189Z] > git log --format=%H%n%aN%n%aE%n%at%n%ct%n%P%n%B -z -n21 -- /home/battos/Desktop/GoURLShrotener/shortener/shortener.go [3ms]
[2022-03-06T14:37:19.882Z] > git ls-files --stage -- /home/battos/Desktop/GoURLShrotener/main.go [2ms]
[2022-03-06T14:37:19.896Z] > git cat-file -s 604e5448a4c918d0c740a9df53ebf956b2dd77bf [3ms]
[2022-03-06T14:37:37.574Z] > git symbolic-ref --short HEAD [2ms]
[2022-03-06T14:37:37.586Z] > git for-each-ref --format=%(refname)%00%(upstream:short)%00%(objectname)%00%(upstream:track) refs/heads/master refs/remotes/master [2ms]
[2022-03-06T14:37:37.611Z] > git for-each-ref --sort -committerdate --format %(refname) %(objectname) %(*objectname) [14ms]
[2022-03-06T14:37:37.612Z] > git remote --verbose [3ms]
[2022-03-06T14:37:37.630Z] > git config --get commit.template [2ms]
[2022-03-06T14:38:49.136Z] > git log --format=%H%n%aN%n%aE%n%at%n%ct%n%P%n%B -z -n21 -- /home/battos/Desktop/GoURLShrotener/main.go [5ms]
[2022-03-06T14:38:54.416Z] > git rev-list --count 1135a20e7f1e764fa25271d9574266b2c083c343.. -- /home/battos/Desktop/GoURLShrotener/main.go [3ms]
[2022-03-06T14:38:54.431Z] > git log --format=%H%n%aN%n%aE%n%at%n%ct%n%P%n%B -z -n4 -- /home/battos/Desktop/GoURLShrotener/main.go [4ms]
[2022-03-06T14:38:54.906Z] > git symbolic-ref --short HEAD [2ms]
[2022-03-06T14:38:54.920Z] > git for-each-ref --format=%(refname)%00%(upstream:short)%00%(objectname)%00%(upstream:track) refs/heads/master refs/remotes/master [2ms]
[2022-03-06T14:38:54.941Z] > git remote --verbose [1ms]
[2022-03-06T14:38:54.942Z] > git for-each-ref --sort -committerdate --format %(refname) %(objectname) %(*objectname) [11ms]
[2022-03-06T14:38:54.957Z] > git config --get commit.template [1ms]
[2022-03-06T14:38:54.992Z] > git ls-files --stage -- /home/battos/Desktop/GoURLShrotener/main.go [2ms]
[2022-03-06T14:38:55.006Z] > git cat-file -s 204a05f9d1e2b015ae905a515a18739e9c537cd7 [3ms]
[2022-03-06T14:38:55.467Z] > git rev-list --count 1135a20e7f1e764fa25271d9574266b2c083c343.. -- /home/battos/Desktop/GoURLShrotener/main.go [3ms]
[2022-03-06T14:38:55.480Z] > git log --format=%H%n%aN%n%aE%n%at%n%ct%n%P%n%B -z -n4 -- /home/battos/Desktop/GoURLShrotener/main.go [2ms]
[2022-03-06T14:39:12.635Z] > git rev-list --count 1135a20e7f1e764fa25271d9574266b2c083c343.. -- /home/battos/Desktop/GoURLShrotener/main.go [4ms]
[2022-03-06T14:39:12.650Z] > git log --format=%H%n%aN%n%aE%n%at%n%ct%n%P%n%B -z -n5 -- /home/battos/Desktop/GoURLShrotener/main.go [3ms]
[2022-03-06T14:39:13.139Z] > git symbolic-ref --short HEAD [2ms]
[2022-03-06T14:39:13.150Z] > git for-each-ref --format=%(refname)%00%(upstream:short)%00%(objectname)%00%(upstream:track) refs/heads/master refs/remotes/master [2ms]
[2022-03-06T14:39:13.169Z] > git for-each-ref --sort -committerdate --format %(refname) %(objectname) %(*objectname) [9ms]
[2022-03-06T14:39:13.171Z] > git remote --verbose [2ms]
[2022-03-06T14:39:13.185Z] > git config --get commit.template [2ms]
[2022-03-06T14:39:13.228Z] > git ls-files --stage -- /home/battos/Desktop/GoURLShrotener/main.go [2ms]
[2022-03-06T14:39:13.238Z] > git cat-file -s 204a05f9d1e2b015ae905a515a18739e9c537cd7 [2ms]
[2022-03-06T14:39:13.697Z] > git rev-list --count 1135a20e7f1e764fa25271d9574266b2c083c343.. -- /home/battos/Desktop/GoURLShrotener/main.go [4ms]
[2022-03-06T14:39:13.710Z] > git log --format=%H%n%aN%n%aE%n%at%n%ct%n%P%n%B -z -n5 -- /home/battos/Desktop/GoURLShrotener/main.go [1ms]
