[2022-03-06T08:57:12.486Z] Validating found git in: git
[2022-03-06T08:57:12.559Z] Using git 2.35.1 from git
[2022-03-06T08:57:12.608Z] > git rev-parse --git-dir [1ms]
[2022-03-06T08:57:12.619Z] Open repository: /home/battos/Desktop/GoURLShrotener
[2022-03-06T08:57:12.771Z] > git symbolic-ref --short HEAD [2ms]
[2022-03-06T08:57:12.809Z] > git for-each-ref --format=%(refname)%00%(upstream:short)%00%(objectname)%00%(upstream:track) refs/heads/master refs/remotes/master [28ms]
[2022-03-06T08:57:12.828Z] > git remote --verbose [3ms]
[2022-03-06T08:57:12.828Z] > git for-each-ref --sort -committerdate --format %(refname) %(objectname) %(*objectname) [11ms]
[2022-03-06T08:57:12.843Z] > git config --get commit.template [3ms]
[2022-03-06T08:57:26.716Z] > git ls-files --stage -- /home/battos/Desktop/GoURLShrotener/.gitignore [3ms]
[2022-03-06T08:57:26.727Z] > git cat-file -s e69de29bb2d1d6434b8b29ae775ad8c2e48c5391 [1ms]
[2022-03-06T08:57:29.127Z] > git ls-files --stage -- /home/battos/Desktop/GoURLShrotener/go.mod [4ms]
[2022-03-06T08:57:29.140Z] > git cat-file -s e6b3a995286e749e2b483f66b8674e4a6f06cdc4 [4ms]
[2022-03-06T08:57:30.105Z] > git ls-files --stage -- /home/battos/Desktop/GoURLShrotener/.gitignore [3ms]
[2022-03-06T08:57:30.115Z] > git cat-file -s e69de29bb2d1d6434b8b29ae775ad8c2e48c5391 [2ms]
[2022-03-06T08:57:32.991Z] > git ls-files --stage -- /home/battos/Desktop/GoURLShrotener/shortener/shortener.go [4ms]
[2022-03-06T08:57:33.001Z] > git cat-file -s 239662fe23e8f45148ea0474c18bd6f22e1ad40b [4ms]
[2022-03-06T08:57:34.358Z] > git ls-files --stage -- /home/battos/Desktop/GoURLShrotener/Procfile [2ms]
[2022-03-06T08:57:34.371Z] > git cat-file -s 5f2a48a3bc51770f29ab7bc34671ee069ce03919 [3ms]
[2022-03-06T08:57:34.983Z] > git ls-files --stage -- /home/battos/Desktop/GoURLShrotener/shortener/shortener.go [9ms]
[2022-03-06T08:57:34.997Z] > git cat-file -s 239662fe23e8f45148ea0474c18bd6f22e1ad40b [5ms]
[2022-03-06T08:57:36.745Z] > git ls-files --stage -- /home/battos/Desktop/GoURLShrotener/index.html [16ms]
[2022-03-06T08:57:36.756Z] > git cat-file -s 3b9516ce83db0bc795ec4b97a438e0b6df7aed85 [3ms]
[2022-03-06T08:58:17.387Z] > git symbolic-ref --short HEAD [1ms]
[2022-03-06T08:58:17.397Z] > git for-each-ref --format=%(refname)%00%(upstream:short)%00%(objectname)%00%(upstream:track) refs/heads/master refs/remotes/master [1ms]
[2022-03-06T08:58:17.416Z] > git remote --verbose [4ms]
[2022-03-06T08:58:17.417Z] > git for-each-ref --sort -committerdate --format %(refname) %(objectname) %(*objectname) [13ms]
[2022-03-06T08:58:17.433Z] > git config --get commit.template [1ms]
[2022-03-06T09:10:20.512Z] > git symbolic-ref --short HEAD [2ms]
[2022-03-06T09:10:20.524Z] > git for-each-ref --format=%(refname)%00%(upstream:short)%00%(objectname)%00%(upstream:track) refs/heads/master refs/remotes/master [2ms]
[2022-03-06T09:10:20.545Z] > git remote --verbose [3ms]
[2022-03-06T09:10:20.545Z] > git for-each-ref --sort -committerdate --format %(refname) %(objectname) %(*objectname) [11ms]
[2022-03-06T09:10:20.556Z] > git config --get commit.template [1ms]
[2022-03-06T09:21:54.779Z] > git symbolic-ref --short HEAD [1ms]
[2022-03-06T09:21:54.795Z] > git for-each-ref --format=%(refname)%00%(upstream:short)%00%(objectname)%00%(upstream:track) refs/heads/master refs/remotes/master [2ms]
[2022-03-06T09:21:54.820Z] > git remote --verbose [5ms]
[2022-03-06T09:21:54.821Z] > git for-each-ref --sort -committerdate --format %(refname) %(objectname) %(*objectname) [15ms]
[2022-03-06T09:21:54.838Z] > git config --get commit.template [3ms]
[2022-03-06T09:25:43.717Z] > git symbolic-ref --short HEAD [1ms]
[2022-03-06T09:25:43.730Z] > git for-each-ref --format=%(refname)%00%(upstream:short)%00%(objectname)%00%(upstream:track) refs/heads/master refs/remotes/master [3ms]
[2022-03-06T09:25:43.752Z] > git for-each-ref --sort -committerdate --format %(refname) %(objectname) %(*objectname) [12ms]
[2022-03-06T09:25:43.753Z] > git remote --verbose [3ms]
[2022-03-06T09:25:43.768Z] > git config --get commit.template [1ms]
[2022-03-06T09:26:37.313Z] > git symbolic-ref --short HEAD [2ms]
[2022-03-06T09:26:37.324Z] > git for-each-ref --format=%(refname)%00%(upstream:short)%00%(objectname)%00%(upstream:track) refs/heads/master refs/remotes/master [1ms]
[2022-03-06T09:26:37.343Z] > git for-each-ref --sort -committerdate --format %(refname) %(objectname) %(*objectname) [12ms]
[2022-03-06T09:26:37.343Z] > git remote --verbose [1ms]
[2022-03-06T09:26:37.357Z] > git config --get commit.template [2ms]
[2022-03-06T09:26:43.050Z] > git symbolic-ref --short HEAD [1ms]
[2022-03-06T09:26:43.064Z] > git for-each-ref --format=%(refname)%00%(upstream:short)%00%(objectname)%00%(upstream:track) refs/heads/master refs/remotes/master [1ms]
[2022-03-06T09:26:43.088Z] > git for-each-ref --sort -committerdate --format %(refname) %(objectname) %(*objectname) [13ms]
[2022-03-06T09:26:43.090Z] > git remote --verbose [3ms]
[2022-03-06T09:26:43.102Z] > git config --get commit.template [3ms]
[2022-03-06T09:29:51.547Z] > git symbolic-ref --short HEAD [1ms]
[2022-03-06T09:29:51.559Z] > git for-each-ref --format=%(refname)%00%(upstream:short)%00%(objectname)%00%(upstream:track) refs/heads/master refs/remotes/master [2ms]
[2022-03-06T09:29:51.580Z] > git remote --verbose [2ms]
[2022-03-06T09:29:51.581Z] > git for-each-ref --sort -committerdate --format %(refname) %(objectname) %(*objectname) [13ms]
[2022-03-06T09:29:51.594Z] > git config --get commit.template [2ms]
[2022-03-06T09:30:31.502Z] > git symbolic-ref --short HEAD [2ms]
[2022-03-06T09:30:31.516Z] > git for-each-ref --format=%(refname)%00%(upstream:short)%00%(objectname)%00%(upstream:track) refs/heads/master refs/remotes/master [1ms]
[2022-03-06T09:30:31.542Z] > git for-each-ref --sort -committerdate --format %(refname) %(objectname) %(*objectname) [14ms]
[2022-03-06T09:30:31.543Z] > git remote --verbose [3ms]
[2022-03-06T09:30:31.556Z] > git config --get commit.template [1ms]
[2022-03-06T09:31:03.889Z] > git symbolic-ref --short HEAD [2ms]
[2022-03-06T09:31:03.901Z] > git for-each-ref --format=%(refname)%00%(upstream:short)%00%(objectname)%00%(upstream:track) refs/heads/master refs/remotes/master [2ms]
[2022-03-06T09:31:03.923Z] > git for-each-ref --sort -committerdate --format %(refname) %(objectname) %(*objectname) [11ms]
[2022-03-06T09:31:03.924Z] > git remote --verbose [3ms]
[2022-03-06T09:31:03.937Z] > git config --get commit.template [2ms]
[2022-03-06T09:31:18.603Z] > git ls-files --stage -- /home/battos/Desktop/GoURLShrotener/shortener/shortener.go [1ms]
[2022-03-06T09:31:18.616Z] > git cat-file -s 239662fe23e8f45148ea0474c18bd6f22e1ad40b [2ms]
[2022-03-06T09:33:28.199Z] > git ls-files --stage -- /home/battos/Desktop/GoURLShrotener/shortener/handlers.go [2ms]
[2022-03-06T09:33:28.210Z] > git cat-file -s 760cf1ef888b28a2618d43199da3a9ffeac89d10 [2ms]
[2022-03-06T09:33:38.054Z] > git ls-files --stage -- /home/battos/Desktop/GoURLShrotener/shortener/shortener.go [3ms]
[2022-03-06T09:33:38.079Z] > git cat-file -s 239662fe23e8f45148ea0474c18bd6f22e1ad40b [9ms]
[2022-03-06T09:37:24.310Z] > git symbolic-ref --short HEAD [2ms]
[2022-03-06T09:37:24.321Z] > git for-each-ref --format=%(refname)%00%(upstream:short)%00%(objectname)%00%(upstream:track) refs/heads/master refs/remotes/master [1ms]
[2022-03-06T09:37:24.345Z] > git for-each-ref --sort -committerdate --format %(refname) %(objectname) %(*objectname) [13ms]
[2022-03-06T09:37:24.346Z] > git remote --verbose [4ms]
[2022-03-06T09:37:24.362Z] > git config --get commit.template [2ms]
[2022-03-06T09:43:19.495Z] > git ls-files --stage -- /home/battos/Desktop/GoURLShrotener/shortener/handlers.go [2ms]
[2022-03-06T09:43:19.506Z] > git cat-file -s 760cf1ef888b28a2618d43199da3a9ffeac89d10 [2ms]
[2022-03-06T09:45:38.184Z] > git ls-files --stage -- /home/battos/Desktop/GoURLShrotener/shortener/shortener.go [2ms]
[2022-03-06T09:45:38.198Z] > git cat-file -s 239662fe23e8f45148ea0474c18bd6f22e1ad40b [2ms]
[2022-03-06T09:45:43.630Z] > git ls-files --stage -- /home/battos/Desktop/GoURLShrotener/shortener/handlers.go [3ms]
[2022-03-06T09:45:43.643Z] > git cat-file -s 760cf1ef888b28a2618d43199da3a9ffeac89d10 [2ms]
[2022-03-06T09:48:29.628Z] > git ls-files --stage -- /home/battos/Desktop/GoURLShrotener/shortener/shortener.go [2ms]
[2022-03-06T09:48:29.642Z] > git cat-file -s 239662fe23e8f45148ea0474c18bd6f22e1ad40b [2ms]
[2022-03-06T09:48:40.739Z] > git ls-files --stage -- /home/battos/Desktop/GoURLShrotener/shortener/handlers.go [3ms]
[2022-03-06T09:48:40.749Z] > git cat-file -s 760cf1ef888b28a2618d43199da3a9ffeac89d10 [1ms]
[2022-03-06T09:50:28.497Z] > git symbolic-ref --short HEAD [2ms]
[2022-03-06T09:50:28.510Z] > git for-each-ref --format=%(refname)%00%(upstream:short)%00%(objectname)%00%(upstream:track) refs/heads/master refs/remotes/master [3ms]
[2022-03-06T09:50:28.531Z] > git for-each-ref --sort -committerdate --format %(refname) %(objectname) %(*objectname) [11ms]
[2022-03-06T09:50:28.532Z] > git remote --verbose [2ms]
[2022-03-06T09:50:28.548Z] > git config --get commit.template [1ms]
[2022-03-06T09:52:27.560Z] > git ls-tree -l HEAD -- /home/battos/Desktop/GoURLShrotener/.gitignore [2ms]
[2022-03-06T09:52:30.088Z] > git ls-tree -l HEAD -- /home/battos/Desktop/GoURLShrotener/index.html [1ms]
[2022-03-06T09:52:36.729Z] > git ls-tree -l HEAD -- /home/battos/Desktop/GoURLShrotener/shortener/handlers.go [3ms]
[2022-03-06T09:53:07.318Z] > git ls-files --stage -- /home/battos/Desktop/GoURLShrotener/shortener/handlers.go [2ms]
[2022-03-06T09:53:07.333Z] > git cat-file -s 760cf1ef888b28a2618d43199da3a9ffeac89d10 [3ms]
[2022-03-06T09:53:10.374Z] > git ls-files --stage -- /home/battos/Desktop/GoURLShrotener/main.go [2ms]
[2022-03-06T09:53:10.387Z] > git cat-file -s 204a05f9d1e2b015ae905a515a18739e9c537cd7 [2ms]
[2022-03-06T09:53:12.236Z] > git ls-files --stage -- /home/battos/Desktop/GoURLShrotener/shortener/handlers.go [2ms]
[2022-03-06T09:53:12.249Z] > git cat-file -s 760cf1ef888b28a2618d43199da3a9ffeac89d10 [3ms]
[2022-03-06T09:53:32.316Z] > git ls-files --stage -- /home/battos/Desktop/GoURLShrotener/index.html [1ms]
[2022-03-06T09:53:32.327Z] > git cat-file -s 3b9516ce83db0bc795ec4b97a438e0b6df7aed85 [1ms]
[2022-03-06T09:53:37.547Z] > git ls-files --stage -- /home/battos/Desktop/GoURLShrotener/shortener/handlers.go [3ms]
[2022-03-06T09:53:37.557Z] > git cat-file -s 760cf1ef888b28a2618d43199da3a9ffeac89d10 [1ms]
[2022-03-06T09:53:57.704Z] > git ls-files --stage -- /home/battos/Desktop/GoURLShrotener/index.html [13ms]
[2022-03-06T09:53:57.727Z] > git cat-file -s 3b9516ce83db0bc795ec4b97a438e0b6df7aed85 [12ms]
[2022-03-06T09:53:57.728Z] > git symbolic-ref --short HEAD [2ms]
[2022-03-06T09:53:57.745Z] > git for-each-ref --format=%(refname)%00%(upstream:short)%00%(objectname)%00%(upstream:track) refs/heads/master refs/remotes/master [3ms]
[2022-03-06T09:53:57.768Z] > git for-each-ref --sort -committerdate --format %(refname) %(objectname) %(*objectname) [11ms]
[2022-03-06T09:53:57.769Z] > git remote --verbose [3ms]
[2022-03-06T09:53:57.781Z] > git config --get commit.template [2ms]
[2022-03-06T09:54:22.695Z] > git symbolic-ref --short HEAD [2ms]
[2022-03-06T09:54:22.706Z] > git for-each-ref --format=%(refname)%00%(upstream:short)%00%(objectname)%00%(upstream:track) refs/heads/master refs/remotes/master [2ms]
[2022-03-06T09:54:22.724Z] > git for-each-ref --sort -committerdate --format %(refname) %(objectname) %(*objectname) [8ms]
[2022-03-06T09:54:22.725Z] > git remote --verbose [2ms]
[2022-03-06T09:54:22.739Z] > git config --get commit.template [1ms]
[2022-03-06T09:55:03.693Z] > git symbolic-ref --short HEAD [1ms]
[2022-03-06T09:55:03.702Z] > git for-each-ref --format=%(refname)%00%(upstream:short)%00%(objectname)%00%(upstream:track) refs/heads/master refs/remotes/master [1ms]
[2022-03-06T09:55:03.724Z] > git for-each-ref --sort -committerdate --format %(refname) %(objectname) %(*objectname) [12ms]
[2022-03-06T09:55:03.725Z] > git remote --verbose [2ms]
[2022-03-06T09:55:03.735Z] > git config --get commit.template [1ms]
[2022-03-06T09:56:17.824Z] > git symbolic-ref --short HEAD [2ms]
[2022-03-06T09:56:17.837Z] > git for-each-ref --format=%(refname)%00%(upstream:short)%00%(objectname)%00%(upstream:track) refs/heads/master refs/remotes/master [2ms]
[2022-03-06T09:56:17.859Z] > git for-each-ref --sort -committerdate --format %(refname) %(objectname) %(*objectname) [11ms]
[2022-03-06T09:56:17.859Z] > git remote --verbose [1ms]
[2022-03-06T09:56:17.871Z] > git config --get commit.template [1ms]
[2022-03-06T10:00:56.550Z] > git symbolic-ref --short HEAD [2ms]
[2022-03-06T10:00:56.560Z] > git for-each-ref --format=%(refname)%00%(upstream:short)%00%(objectname)%00%(upstream:track) refs/heads/master refs/remotes/master [2ms]
[2022-03-06T10:00:56.578Z] > git for-each-ref --sort -committerdate --format %(refname) %(objectname) %(*objectname) [9ms]
[2022-03-06T10:00:56.579Z] > git remote --verbose [2ms]
[2022-03-06T10:00:56.590Z] > git config --get commit.template [1ms]
