[Info  - 10:00:29.728] Reading sessions from keychain...
[Info  - 10:00:29.818] No stored sessions found.
[Info  - 10:00:29.895] Getting sessions for openid,profile,email,offline_access...
[Info  - 10:00:29.895] Got 0 sessions for email,offline_access,openid,profile...
[Info  - 11:51:45.978] Getting sessions for all scopes...
[Info  - 11:51:45.978] Got 0 sessions for all scopes...
[Info  - 11:52:30.292] Getting sessions for all scopes...
[Info  - 11:52:30.293] Got 0 sessions for all scopes...
[Info  - 11:53:02.601] Getting sessions for all scopes...
[Info  - 11:53:02.601] Got 0 sessions for all scopes...
[Info  - 11:54:37.11] Getting sessions for all scopes...
[Info  - 11:54:37.11] Got 0 sessions for all scopes...
[Info  - 11:54:52.647] Getting sessions for all scopes...
[Info  - 11:54:52.647] Got 0 sessions for all scopes...
[Info  - 11:55:56.421] Getting sessions for all scopes...
[Info  - 11:55:56.421] Got 0 sessions for all scopes...
[Info  - 11:56:06.313] Getting sessions for all scopes...
[Info  - 11:56:06.313] Got 0 sessions for all scopes...
[Info  - 11:56:19.128] Getting sessions for all scopes...
[Info  - 11:56:19.128] Got 0 sessions for all scopes...
[Info  - 11:56:21.894] Getting sessions for all scopes...
[Info  - 11:56:21.894] Got 0 sessions for all scopes...
[Info  - 11:57:32.440] Getting sessions for all scopes...
[Info  - 11:57:32.440] Got 0 sessions for all scopes...
[Info  - 11:58:04.391] Getting sessions for openid,profile,email,offline_access...
[Info  - 11:58:04.391] Got 0 sessions for email,offline_access,openid,profile...
[Info  - 11:58:05.313] Getting sessions for all scopes...
[Info  - 11:58:05.313] Got 0 sessions for all scopes...
