[Info  - 10:00:30.85] Reading sessions from keychain...
[Info  - 10:00:30.112] Getting sessions for user:email...
[Info  - 10:00:30.112] Getting sessions for all scopes...
[Info  - 10:00:30.112] Got 0 sessions for user:email...
[Info  - 10:00:30.112] Got 0 sessions for ...
[Info  - 10:00:32.235] Getting sessions for read:user,user:email...
[Info  - 10:00:32.235] Got 0 sessions for read:user,user:email...
[Info  - 11:49:14.281] Getting sessions for repo,workflow...
[Info  - 11:49:14.289] Got 0 sessions for repo,workflow...
[Info  - 11:49:19.27] Logging in for the following scopes: repo workflow
[Info  - 11:51:45.978] Getting sessions for all scopes...
[Info  - 11:51:45.985] Got 0 sessions for ...
[Info  - 11:52:30.293] Getting sessions for all scopes...
[Info  - 11:52:30.293] Got 0 sessions for ...
[Info  - 11:52:31.53] Logging in for the following scopes: read:user user:email
[Info  - 11:53:02.602] Getting sessions for all scopes...
[Info  - 11:53:02.602] Got 0 sessions for ...
[Info  - 11:54:37.11] Getting sessions for all scopes...
[Info  - 11:54:37.11] Got 0 sessions for ...
[Info  - 11:54:52.647] Getting sessions for all scopes...
[Info  - 11:54:52.648] Got 0 sessions for ...
[Info  - 11:54:54.133] Logging in for the following scopes: read:user user:email
[Trace  - 11:55:50.425] Handling Uri...
[Info  - 11:55:50.425] State not found in accepted state. Skipping this execution...
[Info  - 11:55:56.422] Getting sessions for all scopes...
[Info  - 11:55:56.422] Got 0 sessions for ...
[Trace  - 11:56:02.472] Handling Uri...
[Info  - 11:56:06.313] Getting sessions for all scopes...
[Info  - 11:56:06.314] Got 0 sessions for ...
[Info  - 11:56:07.182] Logging in for the following scopes: read:user user:email
[Info  - 11:56:19.128] Getting sessions for all scopes...
[Info  - 11:56:19.128] Got 0 sessions for ...
[Info  - 11:56:21.894] Getting sessions for all scopes...
[Info  - 11:56:21.894] Got 0 sessions for ...
[Info  - 11:57:32.440] Getting sessions for all scopes...
[Info  - 11:57:32.448] Got 0 sessions for ...
[Info  - 11:57:33.145] Logging in for the following scopes: read:user user:email
[Trace  - 11:58:03.76] Handling Uri...
[Info  - 11:58:03.76] Exchanging code for token...
[Info  - 11:58:03.851] Token exchange success!
[Info  - 11:58:03.852] Getting user info...
[Info  - 11:58:04.338] Got account info!
[Info  - 11:58:04.338] Storing 1 sessions...
[Info  - 11:58:04.383] Reading sessions from keychain...
[Info  - 11:58:04.383] Stored 1 sessions!
[Info  - 11:58:04.384] Login success!
[Info  - 11:58:04.399] Getting sessions for user:email...
[Trace  - 11:58:04.399] Token acquired from secret storage.
[Info  - 11:58:04.399] Got stored sessions!
[Trace  - 11:58:04.399] Read the following session from the keychain with the following scopes: read:user user:email
[Info  - 11:58:04.400] Got 1 verified sessions.
[Info  - 11:58:04.400] Got 0 sessions for user:email...
[Info  - 11:58:04.402] Getting sessions for read:user,user:email...
[Info  - 11:58:04.402] Got 1 sessions for read:user,user:email...
[Info  - 11:58:05.313] Getting sessions for all scopes...
[Info  - 11:58:05.314] Got 1 sessions for ...
