[2022-03-05T10:00:32.239Z] Validating found git in: git
[2022-03-05T10:00:33.562Z] Using git 2.35.1 from git
[2022-03-05T11:47:26.812Z] > git rev-parse --git-dir [1ms]
[2022-03-05T11:47:26.825Z] Open repository: /home/battos/Desktop/GoURLShrotener
[2022-03-05T11:47:26.860Z] > git symbolic-ref --short HEAD [1ms]
[2022-03-05T11:47:26.878Z] > git for-each-ref --format=%(refname)%00%(upstream:short)%00%(objectname)%00%(upstream:track) refs/heads/master refs/remotes/master [2ms]
[2022-03-05T11:47:26.906Z] > git remote --verbose [2ms]
[2022-03-05T11:47:26.906Z] > git for-each-ref --sort -committerdate --format %(refname) %(objectname) %(*objectname) [13ms]
[2022-03-05T11:47:26.940Z] > git config --get commit.template [12ms]
[2022-03-05T11:47:27.191Z] > git ls-files --stage -- /home/battos/Desktop/GoURLShrotener/shortener/db.go [1ms]
[2022-03-05T11:47:40.190Z] > git symbolic-ref --short HEAD [1ms]
[2022-03-05T11:47:40.203Z] > git for-each-ref --format=%(refname)%00%(upstream:short)%00%(objectname)%00%(upstream:track) refs/heads/master refs/remotes/master [1ms]
[2022-03-05T11:47:40.232Z] > git for-each-ref --sort -committerdate --format %(refname) %(objectname) %(*objectname) [14ms]
[2022-03-05T11:47:40.232Z] > git remote --verbose [1ms]
[2022-03-05T11:47:40.255Z] > git config --get commit.template [3ms]
[2022-03-05T11:47:40.281Z] > git ls-files --stage -- /home/battos/Desktop/GoURLShrotener/shortener/db.go [1ms]
[2022-03-05T11:47:40.299Z] > git cat-file -s 40c3794e3ddf7eb0c66b36c121821037f819b31d [2ms]
[2022-03-05T11:47:53.886Z] > git ls-files --stage -- /home/battos/Desktop/GoURLShrotener/.gitignore [1ms]
[2022-03-05T11:47:54.632Z] > git symbolic-ref --short HEAD [1ms]
[2022-03-05T11:47:54.644Z] > git for-each-ref --format=%(refname)%00%(upstream:short)%00%(objectname)%00%(upstream:track) refs/heads/master refs/remotes/master [1ms]
[2022-03-05T11:47:54.676Z] > git remote --verbose [2ms]
[2022-03-05T11:47:54.677Z] > git for-each-ref --sort -committerdate --format %(refname) %(objectname) %(*objectname) [17ms]
[2022-03-05T11:47:54.700Z] > git config --get commit.template [2ms]
[2022-03-05T11:48:11.667Z] > git symbolic-ref --short HEAD [2ms]
[2022-03-05T11:48:11.682Z] > git for-each-ref --format=%(refname)%00%(upstream:short)%00%(objectname)%00%(upstream:track) refs/heads/master refs/remotes/master [1ms]
[2022-03-05T11:48:11.706Z] > git for-each-ref --sort -committerdate --format %(refname) %(objectname) %(*objectname) [12ms]
[2022-03-05T11:48:11.708Z] > git remote --verbose [2ms]
[2022-03-05T11:48:11.731Z] > git config --get commit.template [2ms]
[2022-03-05T11:48:11.759Z] > git ls-files --stage -- /home/battos/Desktop/GoURLShrotener/.gitignore [2ms]
[2022-03-05T11:48:11.775Z] > git cat-file -s e69de29bb2d1d6434b8b29ae775ad8c2e48c5391 [2ms]
[2022-03-05T11:48:30.815Z] > git symbolic-ref --short HEAD [2ms]
[2022-03-05T11:48:30.830Z] > git for-each-ref --format=%(refname)%00%(upstream:short)%00%(objectname)%00%(upstream:track) refs/heads/master refs/remotes/master [2ms]
[2022-03-05T11:48:30.858Z] > git for-each-ref --sort -committerdate --format %(refname) %(objectname) %(*objectname) [13ms]
[2022-03-05T11:48:30.859Z] > git remote --verbose [2ms]
[2022-03-05T11:48:30.875Z] > git config --get commit.template [0ms]
[2022-03-05T11:48:30.955Z] > git ls-files --stage -- /home/battos/Desktop/GoURLShrotener/.gitignore [2ms]
[2022-03-05T11:48:30.969Z] > git cat-file -s e69de29bb2d1d6434b8b29ae775ad8c2e48c5391 [2ms]
[2022-03-05T11:49:05.502Z] > git symbolic-ref --short HEAD [2ms]
[2022-03-05T11:49:05.520Z] > git for-each-ref --format=%(refname)%00%(upstream:short)%00%(objectname)%00%(upstream:track) refs/heads/master refs/remotes/master [2ms]
[2022-03-05T11:49:05.546Z] > git for-each-ref --sort -committerdate --format %(refname) %(objectname) %(*objectname) [14ms]
[2022-03-05T11:49:05.547Z] > git remote --verbose [2ms]
[2022-03-05T11:49:05.566Z] > git config --get commit.template [1ms]
[2022-03-05T11:52:23.760Z] > git log --format=%H%n%aN%n%aE%n%at%n%ct%n%P%n%B -z -n21 -- /home/battos/Desktop/GoURLShrotener/.gitignore [3ms]
[2022-03-05T12:04:46.413Z] > git symbolic-ref --short HEAD [2ms]
[2022-03-05T12:04:46.441Z] > git for-each-ref --format=%(refname)%00%(upstream:short)%00%(objectname)%00%(upstream:track) refs/heads/master refs/remotes/master [14ms]
[2022-03-05T12:04:46.473Z] > git for-each-ref --sort -committerdate --format %(refname) %(objectname) %(*objectname) [16ms]
[2022-03-05T12:04:46.473Z] > git remote --verbose [2ms]
[2022-03-05T12:04:46.495Z] > git config --get commit.template [2ms]
[2022-03-05T12:04:52.504Z] > git symbolic-ref --short HEAD [1ms]
[2022-03-05T12:04:52.522Z] > git for-each-ref --format=%(refname)%00%(upstream:short)%00%(objectname)%00%(upstream:track) refs/heads/master refs/remotes/master [2ms]
[2022-03-05T12:04:52.552Z] > git for-each-ref --sort -committerdate --format %(refname) %(objectname) %(*objectname) [17ms]
[2022-03-05T12:04:52.553Z] > git remote --verbose [3ms]
[2022-03-05T12:04:52.572Z] > git config --get commit.template [2ms]
[2022-03-05T12:04:52.659Z] > git ls-files --stage -- /home/battos/Desktop/GoURLShrotener/.gitignore [10ms]
[2022-03-05T12:04:52.680Z] > git cat-file -s e69de29bb2d1d6434b8b29ae775ad8c2e48c5391 [3ms]
[2022-03-05T12:04:56.161Z] > git ls-files --stage -- /home/battos/Desktop/GoURLShrotener/.gitignore [1ms]
[2022-03-05T12:04:56.174Z] > git cat-file -s e69de29bb2d1d6434b8b29ae775ad8c2e48c5391 [1ms]
[2022-03-05T12:04:57.607Z] > git symbolic-ref --short HEAD [2ms]
[2022-03-05T12:04:57.625Z] > git for-each-ref --format=%(refname)%00%(upstream:short)%00%(objectname)%00%(upstream:track) refs/heads/master refs/remotes/master [2ms]
[2022-03-05T12:04:57.660Z] > git remote --verbose [4ms]
[2022-03-05T12:04:57.660Z] > git for-each-ref --sort -committerdate --format %(refname) %(objectname) %(*objectname) [21ms]
[2022-03-05T12:04:57.683Z] > git config --get commit.template [2ms]
[2022-03-05T12:05:00.421Z] > git rev-list --count 1135a20e7f1e764fa25271d9574266b2c083c343.. -- /home/battos/Desktop/GoURLShrotener/.gitignore [1ms]
[2022-03-05T12:05:00.436Z] > git log --format=%H%n%aN%n%aE%n%at%n%ct%n%P%n%B -z -n2 -- /home/battos/Desktop/GoURLShrotener/.gitignore [2ms]
[2022-03-05T12:05:20.690Z] > git ls-files --stage -- /home/battos/Desktop/GoURLShrotener/Procfile [3ms]
[2022-03-05T12:05:21.395Z] > git symbolic-ref --short HEAD [3ms]
[2022-03-05T12:05:21.408Z] > git for-each-ref --format=%(refname)%00%(upstream:short)%00%(objectname)%00%(upstream:track) refs/heads/master refs/remotes/master [1ms]
[2022-03-05T12:05:21.434Z] > git for-each-ref --sort -committerdate --format %(refname) %(objectname) %(*objectname) [13ms]
[2022-03-05T12:05:21.435Z] > git remote --verbose [2ms]
[2022-03-05T12:05:21.451Z] > git config --get commit.template [1ms]
[2022-03-05T12:05:34.575Z] > git symbolic-ref --short HEAD [1ms]
[2022-03-05T12:05:34.589Z] > git for-each-ref --format=%(refname)%00%(upstream:short)%00%(objectname)%00%(upstream:track) refs/heads/master refs/remotes/master [2ms]
[2022-03-05T12:05:34.616Z] > git remote --verbose [2ms]
[2022-03-05T12:05:34.616Z] > git for-each-ref --sort -committerdate --format %(refname) %(objectname) %(*objectname) [12ms]
[2022-03-05T12:05:34.634Z] > git config --get commit.template [2ms]
[2022-03-05T12:05:43.283Z] > git symbolic-ref --short HEAD [2ms]
[2022-03-05T12:05:43.302Z] > git for-each-ref --format=%(refname)%00%(upstream:short)%00%(objectname)%00%(upstream:track) refs/heads/master refs/remotes/master [2ms]
[2022-03-05T12:05:43.336Z] > git for-each-ref --sort -committerdate --format %(refname) %(objectname) %(*objectname) [18ms]
[2022-03-05T12:05:43.337Z] > git remote --verbose [2ms]
[2022-03-05T12:05:43.361Z] > git config --get commit.template [1ms]
[2022-03-05T12:05:43.380Z] > git ls-files --stage -- /home/battos/Desktop/GoURLShrotener/Procfile [2ms]
[2022-03-05T12:05:43.393Z] > git cat-file -s 5f2a48a3bc51770f29ab7bc34671ee069ce03919 [2ms]
[2022-03-05T12:05:44.934Z] > git ls-files --stage -- /home/battos/Desktop/GoURLShrotener/Procfile [2ms]
[2022-03-05T12:05:44.946Z] > git cat-file -s 5f2a48a3bc51770f29ab7bc34671ee069ce03919 [1ms]
[2022-03-05T12:05:48.395Z] > git symbolic-ref --short HEAD [1ms]
[2022-03-05T12:05:48.412Z] > git for-each-ref --format=%(refname)%00%(upstream:short)%00%(objectname)%00%(upstream:track) refs/heads/master refs/remotes/master [2ms]
[2022-03-05T12:05:48.441Z] > git for-each-ref --sort -committerdate --format %(refname) %(objectname) %(*objectname) [14ms]
[2022-03-05T12:05:48.442Z] > git remote --verbose [2ms]
[2022-03-05T12:05:48.466Z] > git config --get commit.template [2ms]
[2022-03-05T12:25:10.947Z] > git symbolic-ref --short HEAD [2ms]
[2022-03-05T12:25:10.973Z] > git for-each-ref --format=%(refname)%00%(upstream:short)%00%(objectname)%00%(upstream:track) refs/heads/master refs/remotes/master [1ms]
[2022-03-05T12:25:11.005Z] > git for-each-ref --sort -committerdate --format %(refname) %(objectname) %(*objectname) [17ms]
[2022-03-05T12:25:11.005Z] > git remote --verbose [2ms]
[2022-03-05T12:25:11.023Z] > git config --get commit.template [1ms]
[2022-03-05T12:25:11.051Z] > git ls-files --stage -- /home/battos/Desktop/GoURLShrotener/Procfile [5ms]
[2022-03-05T12:25:11.066Z] > git cat-file -s 5f2a48a3bc51770f29ab7bc34671ee069ce03919 [2ms]
[2022-03-05T12:29:49.665Z] > git ls-files --stage -- /home/battos/Desktop/GoURLShrotener/go.mod [2ms]
[2022-03-05T12:29:49.682Z] > git cat-file -s 2fd4e27db1e9d3e53109841aa7b252829de7fbcf [1ms]
[2022-03-05T12:32:19.548Z] > git symbolic-ref --short HEAD [1ms]
[2022-03-05T12:32:19.561Z] > git for-each-ref --format=%(refname)%00%(upstream:short)%00%(objectname)%00%(upstream:track) refs/heads/master refs/remotes/master [2ms]
[2022-03-05T12:32:19.587Z] > git for-each-ref --sort -committerdate --format %(refname) %(objectname) %(*objectname) [14ms]
[2022-03-05T12:32:19.587Z] > git remote --verbose [2ms]
[2022-03-05T12:32:19.638Z] > git config --get commit.template [1ms]
[2022-03-05T12:33:14.395Z] > git symbolic-ref --short HEAD [2ms]
[2022-03-05T12:33:14.411Z] > git for-each-ref --format=%(refname)%00%(upstream:short)%00%(objectname)%00%(upstream:track) refs/heads/master refs/remotes/master [2ms]
[2022-03-05T12:33:14.439Z] > git for-each-ref --sort -committerdate --format %(refname) %(objectname) %(*objectname) [13ms]
[2022-03-05T12:33:14.440Z] > git remote --verbose [2ms]
[2022-03-05T12:33:14.466Z] > git config --get commit.template [2ms]
[2022-03-05T12:33:14.494Z] > git ls-files --stage -- /home/battos/Desktop/GoURLShrotener/go.mod [4ms]
[2022-03-05T12:33:14.506Z] > git cat-file -s a096461b8472d0d642686b5423be158a14d87185 [1ms]
[2022-03-05T12:33:17.806Z] > git ls-files --stage -- /home/battos/Desktop/GoURLShrotener/go.mod [1ms]
[2022-03-05T12:33:17.821Z] > git cat-file -s a096461b8472d0d642686b5423be158a14d87185 [2ms]
[2022-03-05T12:33:42.917Z] > git symbolic-ref --short HEAD [3ms]
[2022-03-05T12:33:42.939Z] > git for-each-ref --format=%(refname)%00%(upstream:short)%00%(objectname)%00%(upstream:track) refs/heads/master refs/remotes/master [2ms]
[2022-03-05T12:33:42.970Z] > git for-each-ref --sort -committerdate --format %(refname) %(objectname) %(*objectname) [16ms]
[2022-03-05T12:33:42.970Z] > git remote --verbose [1ms]
[2022-03-05T12:33:42.994Z] > git config --get commit.template [2ms]
[2022-03-05T12:36:46.965Z] > git symbolic-ref --short HEAD [1ms]
[2022-03-05T12:36:46.981Z] > git for-each-ref --format=%(refname)%00%(upstream:short)%00%(objectname)%00%(upstream:track) refs/heads/master refs/remotes/master [1ms]
[2022-03-05T12:36:47.012Z] > git for-each-ref --sort -committerdate --format %(refname) %(objectname) %(*objectname) [14ms]
[2022-03-05T12:36:47.012Z] > git remote --verbose [1ms]
[2022-03-05T12:36:47.030Z] > git config --get commit.template [1ms]
[2022-03-05T12:36:51.668Z] > git ls-files --stage -- /home/battos/Desktop/GoURLShrotener/go.mod [2ms]
[2022-03-05T12:36:51.692Z] > git cat-file -s a096461b8472d0d642686b5423be158a14d87185 [1ms]
[2022-03-05T12:36:52.133Z] > git symbolic-ref --short HEAD [1ms]
[2022-03-05T12:36:52.150Z] > git for-each-ref --format=%(refname)%00%(upstream:short)%00%(objectname)%00%(upstream:track) refs/heads/master refs/remotes/master [2ms]
[2022-03-05T12:36:52.174Z] > git for-each-ref --sort -committerdate --format %(refname) %(objectname) %(*objectname) [11ms]
[2022-03-05T12:36:52.176Z] > git remote --verbose [3ms]
[2022-03-05T12:36:52.189Z] > git config --get commit.template [1ms]
[2022-03-05T12:37:00.219Z] > git symbolic-ref --short HEAD [2ms]
[2022-03-05T12:37:00.235Z] > git for-each-ref --format=%(refname)%00%(upstream:short)%00%(objectname)%00%(upstream:track) refs/heads/master refs/remotes/master [2ms]
[2022-03-05T12:37:00.265Z] > git for-each-ref --sort -committerdate --format %(refname) %(objectname) %(*objectname) [14ms]
[2022-03-05T12:37:00.266Z] > git remote --verbose [1ms]
[2022-03-05T12:37:00.282Z] > git config --get commit.template [1ms]
[2022-03-05T12:37:00.297Z] > git ls-files --stage -- /home/battos/Desktop/GoURLShrotener/go.mod [1ms]
[2022-03-05T12:37:00.313Z] > git cat-file -s a096461b8472d0d642686b5423be158a14d87185 [2ms]
[2022-03-05T12:37:03.266Z] > git ls-files --stage -- /home/battos/Desktop/GoURLShrotener/go.mod [2ms]
[2022-03-05T12:37:03.280Z] > git cat-file -s a096461b8472d0d642686b5423be158a14d87185 [1ms]
[2022-03-05T12:39:02.754Z] > git symbolic-ref --short HEAD [1ms]
[2022-03-05T12:39:02.768Z] > git for-each-ref --format=%(refname)%00%(upstream:short)%00%(objectname)%00%(upstream:track) refs/heads/master refs/remotes/master [1ms]
[2022-03-05T12:39:02.792Z] > git remote --verbose [2ms]
[2022-03-05T12:39:02.793Z] > git for-each-ref --sort -committerdate --format %(refname) %(objectname) %(*objectname) [13ms]
[2022-03-05T12:39:02.810Z] > git config --get commit.template [2ms]
[2022-03-05T12:45:12.401Z] > git ls-files --stage -- /home/battos/Desktop/GoURLShrotener/shortener/db.go [2ms]
[2022-03-05T12:45:12.420Z] > git cat-file -s 40c3794e3ddf7eb0c66b36c121821037f819b31d [2ms]
[2022-03-05T12:52:53.880Z] > git symbolic-ref --short HEAD [0ms]
[2022-03-05T12:52:53.915Z] > git for-each-ref --format=%(refname)%00%(upstream:short)%00%(objectname)%00%(upstream:track) refs/heads/master refs/remotes/master [2ms]
[2022-03-05T12:52:54.007Z] > git for-each-ref --sort -committerdate --format %(refname) %(objectname) %(*objectname) [59ms]
[2022-03-05T12:52:54.008Z] > git remote --verbose [36ms]
[2022-03-05T12:52:54.037Z] > git config --get commit.template [0ms]
[2022-03-05T12:52:54.474Z] > git ls-files --stage -- /home/battos/Desktop/GoURLShrotener/shortener/shortener.go [6ms]
[2022-03-05T12:52:54.502Z] > git cat-file -s 0a7897a938a11ded235450e1e6e507f9a1b11d02 [2ms]
[2022-03-05T12:53:05.858Z] > git symbolic-ref --short HEAD [2ms]
[2022-03-05T12:53:05.877Z] > git for-each-ref --format=%(refname)%00%(upstream:short)%00%(objectname)%00%(upstream:track) refs/heads/master refs/remotes/master [2ms]
[2022-03-05T12:53:05.911Z] > git for-each-ref --sort -committerdate --format %(refname) %(objectname) %(*objectname) [18ms]
[2022-03-05T12:53:05.912Z] > git remote --verbose [1ms]
[2022-03-05T12:53:05.936Z] > git config --get commit.template [3ms]
[2022-03-05T12:53:13.123Z] > git ls-files --stage -- /home/battos/Desktop/GoURLShrotener/main.go [1ms]
[2022-03-05T12:53:13.142Z] > git cat-file -s 8fc38286fde1144f24fbc36ebc26945c84ee95dd [2ms]
[2022-03-05T12:53:51.905Z] > git symbolic-ref --short HEAD [1ms]
[2022-03-05T12:53:51.921Z] > git for-each-ref --format=%(refname)%00%(upstream:short)%00%(objectname)%00%(upstream:track) refs/heads/master refs/remotes/master [1ms]
[2022-03-05T12:53:51.952Z] > git for-each-ref --sort -committerdate --format %(refname) %(objectname) %(*objectname) [16ms]
[2022-03-05T12:53:51.953Z] > git remote --verbose [2ms]
[2022-03-05T12:53:51.970Z] > git config --get commit.template [1ms]
[2022-03-05T12:56:03.642Z] > git symbolic-ref --short HEAD [2ms]
[2022-03-05T12:56:03.657Z] > git for-each-ref --format=%(refname)%00%(upstream:short)%00%(objectname)%00%(upstream:track) refs/heads/master refs/remotes/master [1ms]
[2022-03-05T12:56:03.686Z] > git for-each-ref --sort -committerdate --format %(refname) %(objectname) %(*objectname) [15ms]
[2022-03-05T12:56:03.687Z] > git remote --verbose [2ms]
[2022-03-05T12:56:03.702Z] > git config --get commit.template [2ms]
[2022-03-05T12:56:08.370Z] > git ls-files --stage -- /home/battos/Desktop/GoURLShrotener/main.go [2ms]
[2022-03-05T12:56:08.390Z] > git cat-file -s 204a05f9d1e2b015ae905a515a18739e9c537cd7 [3ms]
[2022-03-05T12:56:08.737Z] > git symbolic-ref --short HEAD [2ms]
[2022-03-05T12:56:08.756Z] > git for-each-ref --format=%(refname)%00%(upstream:short)%00%(objectname)%00%(upstream:track) refs/heads/master refs/remotes/master [2ms]
[2022-03-05T12:56:08.792Z] > git for-each-ref --sort -committerdate --format %(refname) %(objectname) %(*objectname) [19ms]
[2022-03-05T12:56:08.792Z] > git remote --verbose [3ms]
[2022-03-05T12:56:08.818Z] > git config --get commit.template [2ms]
[2022-03-05T12:56:27.257Z] > git symbolic-ref --short HEAD [2ms]
[2022-03-05T12:56:27.273Z] > git for-each-ref --format=%(refname)%00%(upstream:short)%00%(objectname)%00%(upstream:track) refs/heads/master refs/remotes/master [2ms]
[2022-03-05T12:56:27.301Z] > git for-each-ref --sort -committerdate --format %(refname) %(objectname) %(*objectname) [15ms]
[2022-03-05T12:56:27.302Z] > git remote --verbose [2ms]
[2022-03-05T12:56:27.320Z] > git config --get commit.template [1ms]
[2022-03-05T12:56:27.381Z] > git ls-files --stage -- /home/battos/Desktop/GoURLShrotener/main.go [3ms]
[2022-03-05T12:56:27.397Z] > git cat-file -s 204a05f9d1e2b015ae905a515a18739e9c537cd7 [3ms]
[2022-03-05T12:56:36.712Z] > git symbolic-ref --short HEAD [2ms]
[2022-03-05T12:56:36.724Z] > git for-each-ref --format=%(refname)%00%(upstream:short)%00%(objectname)%00%(upstream:track) refs/heads/master refs/remotes/master [2ms]
[2022-03-05T12:56:36.765Z] > git remote --verbose [17ms]
[2022-03-05T12:56:36.767Z] > git for-each-ref --sort -committerdate --format %(refname) %(objectname) %(*objectname) [30ms]
[2022-03-05T12:56:36.784Z] > git ls-files --stage -- /home/battos/Desktop/GoURLShrotener/main.go [20ms]
[2022-03-05T12:56:36.802Z] > git config --get commit.template [19ms]
[2022-03-05T12:56:36.803Z] > git cat-file -s 204a05f9d1e2b015ae905a515a18739e9c537cd7 [2ms]
[2022-03-05T12:57:45.583Z] > git log --format=%H%n%aN%n%aE%n%at%n%ct%n%P%n%B -z -n21 -- /home/battos/Desktop/GoURLShrotener/main.go [3ms]
[2022-03-05T12:58:05.083Z] > git rev-list --count 1135a20e7f1e764fa25271d9574266b2c083c343.. -- /home/battos/Desktop/GoURLShrotener/main.go [4ms]
[2022-03-05T12:58:05.105Z] > git log --format=%H%n%aN%n%aE%n%at%n%ct%n%P%n%B -z -n3 -- /home/battos/Desktop/GoURLShrotener/main.go [3ms]
[2022-03-05T12:58:05.570Z] > git symbolic-ref --short HEAD [2ms]
[2022-03-05T12:58:05.589Z] > git for-each-ref --format=%(refname)%00%(upstream:short)%00%(objectname)%00%(upstream:track) refs/heads/master refs/remotes/master [2ms]
[2022-03-05T12:58:05.624Z] > git for-each-ref --sort -committerdate --format %(refname) %(objectname) %(*objectname) [18ms]
[2022-03-05T12:58:05.624Z] > git remote --verbose [1ms]
[2022-03-05T12:58:05.644Z] > git config --get commit.template [2ms]
[2022-03-05T12:58:05.661Z] > git ls-files --stage -- /home/battos/Desktop/GoURLShrotener/main.go [2ms]
[2022-03-05T12:58:05.673Z] > git cat-file -s 204a05f9d1e2b015ae905a515a18739e9c537cd7 [2ms]
[2022-03-05T12:58:06.156Z] > git rev-list --count 1135a20e7f1e764fa25271d9574266b2c083c343.. -- /home/battos/Desktop/GoURLShrotener/main.go [3ms]
[2022-03-05T12:58:06.173Z] > git log --format=%H%n%aN%n%aE%n%at%n%ct%n%P%n%B -z -n3 -- /home/battos/Desktop/GoURLShrotener/main.go [1ms]
