[2022-03-02 21:12:29.317] [exthost] [info] Extension host with pid 20066 started
[2022-03-02 21:12:29.318] [exthost] [info] Skipping acquiring lock for /home/battos/.config/Code/User/workspaceStorage/0a89653c241d1b3bad915064383db0b9.
[2022-03-02 21:12:29.502] [exthost] [info] ExtensionService#_doActivateExtension vscode.html-language-features, startup: false, activationEvent: 'onLanguage:html'
[2022-03-02 21:12:29.537] [exthost] [info] ExtensionService#_doActivateExtension ritwickdey.LiveServer, startup: false, activationEvent: 'onLanguage:html'
[2022-03-02 21:12:29.858] [exthost] [info] ExtensionService#_doActivateExtension vscode.microsoft-authentication, startup: false, activationEvent: 'onAuthenticationRequest:microsoft'
[2022-03-02 21:12:29.882] [exthost] [info] ExtensionService#_doActivateExtension vscode.debug-auto-launch, startup: true, activationEvent: '*'
[2022-03-02 21:12:29.886] [exthost] [info] ExtensionService#_doActivateExtension vscode.git-base, startup: true, activationEvent: '*', root cause: vscode.github
[2022-03-02 21:12:29.889] [exthost] [info] ExtensionService#_doActivateExtension ms-vsliveshare.vsliveshare, startup: true, activationEvent: '*'
[2022-03-02 21:12:30.657] [exthost] [info] ExtensionService#_doActivateExtension vscode-icons-team.vscode-icons, startup: true, activationEvent: '*'
[2022-03-02 21:12:31.343] [exthost] [info] ExtensionService#_doActivateExtension golang.go, startup: true, activationEvent: 'workspaceContains:*.go,*/*.go,*/*/*.go'
[2022-03-02 21:12:31.666] [exthost] [info] ExtensionService#_doActivateExtension vscode.github-authentication, startup: false, activationEvent: 'onAuthenticationRequest:github'
[2022-03-02 21:12:33.828] [exthost] [info] ExtensionService#_doActivateExtension vscode.git, startup: true, activationEvent: '*'
[2022-03-02 21:12:33.851] [exthost] [info] ExtensionService#_doActivateExtension vscode.github, startup: true, activationEvent: '*'
[2022-03-02 21:12:33.962] [exthost] [info] Eager extensions activated
[2022-03-02 21:12:35.159] [exthost] [info] ExtensionService#_doActivateExtension vscode.emmet, startup: false, activationEvent: 'onStartupFinished'
[2022-03-02 21:12:35.184] [exthost] [info] ExtensionService#_doActivateExtension vscode.merge-conflict, startup: false, activationEvent: 'onStartupFinished'
[2022-03-02 21:12:35.187] [exthost] [info] ExtensionService#_doActivateExtension LeonardSSH.vscord, startup: false, activationEvent: 'onStartupFinished'
[2022-03-02 21:12:35.210] [exthost] [info] ExtensionService#_doActivateExtension zhuangtongfa.material-theme, startup: false, activationEvent: 'onStartupFinished'
[2022-03-02 21:15:13.777] [exthost] [error] [golang.go] provider FAILED
[2022-03-02 21:15:13.778] [exthost] [error] Error: context canceled
	at handleResponse (/home/battos/.vscode/extensions/golang.go-0.31.1/dist/goMain.js:4366:40)
	at processMessageQueue (/home/battos/.vscode/extensions/golang.go-0.31.1/dist/goMain.js:4204:13)
	at Immediate.<anonymous> (/home/battos/.vscode/extensions/golang.go-0.31.1/dist/goMain.js:4190:11)
	at processImmediate (internal/timers.js:461:21)
[2022-03-02 21:15:45.832] [exthost] [error] [golang.go] provider FAILED
[2022-03-02 21:15:45.832] [exthost] [error] Error: no identifier found
	at handleResponse (/home/battos/.vscode/extensions/golang.go-0.31.1/dist/goMain.js:4366:40)
	at processMessageQueue (/home/battos/.vscode/extensions/golang.go-0.31.1/dist/goMain.js:4204:13)
	at Immediate.<anonymous> (/home/battos/.vscode/extensions/golang.go-0.31.1/dist/goMain.js:4190:11)
	at processImmediate (internal/timers.js:461:21)
[2022-03-02 21:15:47.829] [exthost] [error] [golang.go] provider FAILED
[2022-03-02 21:15:47.830] [exthost] [error] Error: no identifier found
	at handleResponse (/home/battos/.vscode/extensions/golang.go-0.31.1/dist/goMain.js:4366:40)
	at processMessageQueue (/home/battos/.vscode/extensions/golang.go-0.31.1/dist/goMain.js:4204:13)
	at Immediate.<anonymous> (/home/battos/.vscode/extensions/golang.go-0.31.1/dist/goMain.js:4190:11)
	at processImmediate (internal/timers.js:461:21)
[2022-03-02 21:15:54.584] [exthost] [error] [golang.go] provider FAILED
[2022-03-02 21:15:54.584] [exthost] [error] Error: no identifier found
	at handleResponse (/home/battos/.vscode/extensions/golang.go-0.31.1/dist/goMain.js:4366:40)
	at processMessageQueue (/home/battos/.vscode/extensions/golang.go-0.31.1/dist/goMain.js:4204:13)
	at Immediate.<anonymous> (/home/battos/.vscode/extensions/golang.go-0.31.1/dist/goMain.js:4190:11)
	at processImmediate (internal/timers.js:461:21)
[2022-03-02 21:17:27.474] [exthost] [error] [golang.go] provider FAILED
[2022-03-02 21:17:27.475] [exthost] [error] Error: context canceled
	at handleResponse (/home/battos/.vscode/extensions/golang.go-0.31.1/dist/goMain.js:4366:40)
	at processMessageQueue (/home/battos/.vscode/extensions/golang.go-0.31.1/dist/goMain.js:4204:13)
	at Immediate.<anonymous> (/home/battos/.vscode/extensions/golang.go-0.31.1/dist/goMain.js:4190:11)
	at processImmediate (internal/timers.js:461:21)
[2022-03-02 21:21:31.171] [exthost] [error] [golang.go] provider FAILED
[2022-03-02 21:21:31.171] [exthost] [error] Error: context canceled
	at handleResponse (/home/battos/.vscode/extensions/golang.go-0.31.1/dist/goMain.js:4366:40)
	at processMessageQueue (/home/battos/.vscode/extensions/golang.go-0.31.1/dist/goMain.js:4204:13)
	at Immediate.<anonymous> (/home/battos/.vscode/extensions/golang.go-0.31.1/dist/goMain.js:4190:11)
	at processImmediate (internal/timers.js:461:21)
[2022-03-02 22:36:40.302] [exthost] [info] extension host terminating: renderer closed the socket
[2022-03-02 22:36:40.379] [exthost] [info] Extension host with pid 20066 exiting with code 0
