[Info  - 8:04:48 PM] 2022/03/01 20:04:48 go env for /home/battos/Desktop/GoURLShrotener
(root /home/battos/Desktop/GoURLShrotener)
(go version go version go1.17.6 linux/amd64)
(valid build configuration = true)
(build flags: [])
GOSUMDB=sum.golang.org
GOMODCACHE=/home/battos/go/pkg/mod
GOPRIVATE=
GOROOT=/usr/lib/go
GO111MODULE=
GOPROXY=https://proxy.golang.org,direct
GOMOD=/home/battos/Desktop/GoURLShrotener/go.mod
GONOSUMDB=
GOINSECURE=
GONOPROXY=
GOPATH=/home/battos/go
GOCACHE=/home/battos/.cache/go-build
GOFLAGS=


[Info  - 8:04:49 PM] 2022/03/01 20:04:49 go/packages.Load
	snapshot=0
	directory=/home/battos/Desktop/GoURLShrotener
	query=[builtin github.com/batt0s/goshort/...]
	packages=3

[Info  - 8:04:49 PM] 2022/03/01 20:04:49 falling back to safe trimming due to type errors: [/usr/lib/go/src/runtime/vdso_linux.go:55:38: invalid operation: division by zero /usr/lib/go/src/runtime/vdso_linux.go:56:38: invalid operation: division by zero] or still-missing identifiers: map[memRecordCycle:true pageBits:true]
	package="runtime"

[Info  - 8:04:49 PM] 2022/03/01 20:04:49 discovered missing identifiers: map[options:true]
	package="vendor/golang.org/x/text/unicode/bidi"

[Info  - 8:04:49 PM] 2022/03/01 20:04:49 falling back to safe trimming due to type errors: [/home/battos/go/pkg/mod/github.com/mattn/go-sqlite3@v1.14.11/error.go:22:19: int not declared by package C /home/battos/go/pkg/mod/github.com/mattn/go-sqlite3@v1.14.11/sqlite3_context.go:38:22: sqlite3_context not declared by package C] or still-missing identifiers: map[]
	package="github.com/mattn/go-sqlite3"

[Error - 8:04:49 PM] 2022/03/01 20:04:49 tidy: diagnosing file:///home/battos/Desktop/GoURLShrotener/go.mod: err: exit status 1: stderr: go: downloading gopkg.in/yaml.v3 v3.0.0-20200313102051-9f266ea9e77c
github.com/batt0s/goshort/shortener imports
	gorm.io/driver/sqlite tested by
	gorm.io/driver/sqlite.test imports
	github.com/stretchr/testify/assert imports
	gopkg.in/yaml.v3: module lookup disabled by GOPROXY=off


[Error - 8:04:50 PM] 2022/03/01 20:04:50 tidy: diagnosing file:///home/battos/Desktop/GoURLShrotener/go.mod: err: exit status 1: stderr: go: downloading gopkg.in/yaml.v3 v3.0.0-20200313102051-9f266ea9e77c
github.com/batt0s/goshort/shortener imports
	gorm.io/driver/sqlite tested by
	gorm.io/driver/sqlite.test imports
	github.com/stretchr/testify/assert imports
	gopkg.in/yaml.v3: module lookup disabled by GOPROXY=off


[Error - 8:04:53 PM] 2022/03/01 20:04:53 tidy: diagnosing file:///home/battos/Desktop/GoURLShrotener/go.mod: err: exit status 1: stderr: go: downloading gopkg.in/yaml.v3 v3.0.0-20200313102051-9f266ea9e77c
github.com/batt0s/goshort/shortener imports
	gorm.io/driver/sqlite tested by
	gorm.io/driver/sqlite.test imports
	github.com/stretchr/testify/assert imports
	gopkg.in/yaml.v3: module lookup disabled by GOPROXY=off


[Error - 8:04:54 PM] 2022/03/01 20:04:54 tidy: diagnosing file:///home/battos/Desktop/GoURLShrotener/go.mod: err: exit status 1: stderr: go: downloading gopkg.in/yaml.v3 v3.0.0-20200313102051-9f266ea9e77c
github.com/batt0s/goshort/shortener imports
	gorm.io/driver/sqlite tested by
	gorm.io/driver/sqlite.test imports
	github.com/stretchr/testify/assert imports
	gopkg.in/yaml.v3: module lookup disabled by GOPROXY=off


[Info  - 8:05:19 PM] 2022/03/01 20:05:19 background imports cache refresh starting

[Info  - 8:05:19 PM] 2022/03/01 20:05:19 background refresh finished after 180.624165ms

