[2022-03-05T13:23:26.870Z] Validating found git in: git
[2022-03-05T13:23:26.901Z] Using git 2.35.1 from git
[2022-03-05T13:23:26.944Z] > git rev-parse --git-dir [0ms]
[2022-03-05T13:23:26.954Z] Open repository: /home/battos/Desktop/GoURLShrotener
[2022-03-05T13:23:27.107Z] > git symbolic-ref --short HEAD [40ms]
[2022-03-05T13:23:27.124Z] > git log --format=%H%n%aN%n%aE%n%at%n%ct%n%P%n%B -z -n41 -- /home/battos/Desktop/GoURLShrotener/main.go [19ms]
[2022-03-05T13:23:27.127Z] > git log --format=%H%n%aN%n%aE%n%at%n%ct%n%P%n%B -z -n21 -- /home/battos/Desktop/GoURLShrotener/main.go [32ms]
[2022-03-05T13:23:27.129Z] > git for-each-ref --format=%(refname)%00%(upstream:short)%00%(objectname)%00%(upstream:track) refs/heads/master refs/remotes/master [11ms]
[2022-03-05T13:23:27.153Z] > git for-each-ref --sort -committerdate --format %(refname) %(objectname) %(*objectname) [13ms]
[2022-03-05T13:23:27.153Z] > git remote --verbose [2ms]
[2022-03-05T13:23:27.168Z] > git config --get commit.template [2ms]
[2022-03-05T13:23:27.425Z] > git ls-files --stage -- /home/battos/Desktop/GoURLShrotener/main.go [16ms]
[2022-03-05T13:23:27.443Z] > git cat-file -s 204a05f9d1e2b015ae905a515a18739e9c537cd7 [3ms]
[2022-03-05T13:23:27.675Z] > git rev-list --count 1135a20e7f1e764fa25271d9574266b2c083c343.. -- /home/battos/Desktop/GoURLShrotener/main.go [3ms]
[2022-03-05T13:23:27.690Z] > git log --format=%H%n%aN%n%aE%n%at%n%ct%n%P%n%B -z -n3 -- /home/battos/Desktop/GoURLShrotener/main.go [4ms]
[2022-03-05T13:24:11.662Z] > git symbolic-ref --short HEAD [2ms]
[2022-03-05T13:24:11.673Z] > git for-each-ref --format=%(refname)%00%(upstream:short)%00%(objectname)%00%(upstream:track) refs/heads/master refs/remotes/master [2ms]
[2022-03-05T13:24:11.690Z] > git for-each-ref --sort -committerdate --format %(refname) %(objectname) %(*objectname) [9ms]
[2022-03-05T13:24:11.691Z] > git remote --verbose [2ms]
[2022-03-05T13:24:11.703Z] > git config --get commit.template [1ms]
[2022-03-05T13:24:12.210Z] > git rev-list --count 1135a20e7f1e764fa25271d9574266b2c083c343.. -- /home/battos/Desktop/GoURLShrotener/main.go [3ms]
[2022-03-05T13:24:12.224Z] > git log --format=%H%n%aN%n%aE%n%at%n%ct%n%P%n%B -z -n3 -- /home/battos/Desktop/GoURLShrotener/main.go [3ms]
[2022-03-05T13:24:18.589Z] > git log --format=%H%n%aN%n%aE%n%at%n%ct%n%P%n%B -z -n21 -- /home/battos/Desktop/GoURLShrotener/go.mod [2ms]
[2022-03-05T13:24:18.832Z] > git ls-files --stage -- /home/battos/Desktop/GoURLShrotener/go.mod [2ms]
[2022-03-05T13:24:18.851Z] > git cat-file -s a096461b8472d0d642686b5423be158a14d87185 [5ms]
[2022-03-05T13:24:28.168Z] > git rev-list --count 1135a20e7f1e764fa25271d9574266b2c083c343.. -- /home/battos/Desktop/GoURLShrotener/go.mod [2ms]
[2022-03-05T13:24:28.179Z] > git log --format=%H%n%aN%n%aE%n%at%n%ct%n%P%n%B -z -n3 -- /home/battos/Desktop/GoURLShrotener/go.mod [2ms]
[2022-03-05T13:24:28.744Z] > git symbolic-ref --short HEAD [3ms]
[2022-03-05T13:24:28.759Z] > git for-each-ref --format=%(refname)%00%(upstream:short)%00%(objectname)%00%(upstream:track) refs/heads/master refs/remotes/master [5ms]
[2022-03-05T13:24:28.791Z] > git for-each-ref --sort -committerdate --format %(refname) %(objectname) %(*objectname) [22ms]
[2022-03-05T13:24:28.796Z] > git ls-files --stage -- /home/battos/Desktop/GoURLShrotener/go.mod [6ms]
[2022-03-05T13:24:28.807Z] > git remote --verbose [30ms]
[2022-03-05T13:24:28.822Z] > git cat-file -s a096461b8472d0d642686b5423be158a14d87185 [15ms]
[2022-03-05T13:24:28.824Z] > git config --get commit.template [3ms]
[2022-03-05T13:24:29.323Z] > git rev-list --count 1135a20e7f1e764fa25271d9574266b2c083c343.. -- /home/battos/Desktop/GoURLShrotener/go.mod [1ms]
[2022-03-05T13:24:29.338Z] > git log --format=%H%n%aN%n%aE%n%at%n%ct%n%P%n%B -z -n3 -- /home/battos/Desktop/GoURLShrotener/go.mod [3ms]
[2022-03-05T13:24:48.054Z] > git log --format=%H%n%aN%n%aE%n%at%n%ct%n%P%n%B -z -n21 -- /home/battos/Desktop/GoURLShrotener/shortener/db.go [15ms]
[2022-03-05T13:24:48.217Z] > git ls-files --stage -- /home/battos/Desktop/GoURLShrotener/shortener/db.go [2ms]
[2022-03-05T13:24:48.228Z] > git cat-file -s d16c611268a4e637e9dd2db96951bff5a0760010 [3ms]
[2022-03-05T13:25:09.346Z] > git symbolic-ref --short HEAD [2ms]
[2022-03-05T13:25:09.355Z] > git for-each-ref --format=%(refname)%00%(upstream:short)%00%(objectname)%00%(upstream:track) refs/heads/master refs/remotes/master [2ms]
[2022-03-05T13:25:09.373Z] > git for-each-ref --sort -committerdate --format %(refname) %(objectname) %(*objectname) [11ms]
[2022-03-05T13:25:09.375Z] > git remote --verbose [2ms]
[2022-03-05T13:25:09.390Z] > git config --get commit.template [2ms]
[2022-03-05T13:25:09.898Z] > git rev-list --count 1135a20e7f1e764fa25271d9574266b2c083c343.. -- /home/battos/Desktop/GoURLShrotener/shortener/db.go [3ms]
[2022-03-05T13:25:09.912Z] > git log --format=%H%n%aN%n%aE%n%at%n%ct%n%P%n%B -z -n3 -- /home/battos/Desktop/GoURLShrotener/shortener/db.go [3ms]
[2022-03-05T13:25:13.739Z] > git rev-list --count 1135a20e7f1e764fa25271d9574266b2c083c343.. -- /home/battos/Desktop/GoURLShrotener/shortener/db.go [2ms]
[2022-03-05T13:25:13.755Z] > git log --format=%H%n%aN%n%aE%n%at%n%ct%n%P%n%B -z -n3 -- /home/battos/Desktop/GoURLShrotener/shortener/db.go [5ms]
[2022-03-05T13:25:14.334Z] > git ls-files --stage -- /home/battos/Desktop/GoURLShrotener/shortener/db.go [2ms]
[2022-03-05T13:25:14.346Z] > git cat-file -s d16c611268a4e637e9dd2db96951bff5a0760010 [2ms]
[2022-03-05T13:25:14.417Z] > git symbolic-ref --short HEAD [2ms]
[2022-03-05T13:25:14.427Z] > git for-each-ref --format=%(refname)%00%(upstream:short)%00%(objectname)%00%(upstream:track) refs/heads/master refs/remotes/master [2ms]
[2022-03-05T13:25:14.445Z] > git for-each-ref --sort -committerdate --format %(refname) %(objectname) %(*objectname) [9ms]
[2022-03-05T13:25:14.446Z] > git remote --verbose [2ms]
[2022-03-05T13:25:14.458Z] > git config --get commit.template [3ms]
[2022-03-05T13:25:14.966Z] > git rev-list --count 1135a20e7f1e764fa25271d9574266b2c083c343.. -- /home/battos/Desktop/GoURLShrotener/shortener/db.go [1ms]
[2022-03-05T13:25:14.980Z] > git log --format=%H%n%aN%n%aE%n%at%n%ct%n%P%n%B -z -n3 -- /home/battos/Desktop/GoURLShrotener/shortener/db.go [2ms]
[2022-03-05T13:25:16.994Z] > git rev-list --count 1135a20e7f1e764fa25271d9574266b2c083c343.. -- /home/battos/Desktop/GoURLShrotener/shortener/db.go [4ms]
[2022-03-05T13:25:17.009Z] > git log --format=%H%n%aN%n%aE%n%at%n%ct%n%P%n%B -z -n3 -- /home/battos/Desktop/GoURLShrotener/shortener/db.go [4ms]
[2022-03-05T13:25:17.593Z] > git ls-files --stage -- /home/battos/Desktop/GoURLShrotener/shortener/db.go [2ms]
[2022-03-05T13:25:17.602Z] > git cat-file -s d16c611268a4e637e9dd2db96951bff5a0760010 [2ms]
[2022-03-05T13:25:19.560Z] > git symbolic-ref --short HEAD [3ms]
[2022-03-05T13:25:19.572Z] > git for-each-ref --format=%(refname)%00%(upstream:short)%00%(objectname)%00%(upstream:track) refs/heads/master refs/remotes/master [2ms]
[2022-03-05T13:25:19.586Z] > git remote --verbose [2ms]
[2022-03-05T13:25:19.587Z] > git for-each-ref --sort -committerdate --format %(refname) %(objectname) %(*objectname) [8ms]
[2022-03-05T13:25:19.600Z] > git config --get commit.template [3ms]
[2022-03-05T13:25:20.106Z] > git rev-list --count 1135a20e7f1e764fa25271d9574266b2c083c343.. -- /home/battos/Desktop/GoURLShrotener/shortener/db.go [2ms]
[2022-03-05T13:25:20.116Z] > git log --format=%H%n%aN%n%aE%n%at%n%ct%n%P%n%B -z -n3 -- /home/battos/Desktop/GoURLShrotener/shortener/db.go [2ms]
[2022-03-05T13:25:27.001Z] > git log --format=%H%n%aN%n%aE%n%at%n%ct%n%P%n%B -z -n21 -- /home/battos/Desktop/GoURLShrotener/go.mod [3ms]
[2022-03-05T13:25:27.178Z] > git ls-files --stage -- /home/battos/Desktop/GoURLShrotener/go.mod [1ms]
[2022-03-05T13:25:27.191Z] > git cat-file -s a096461b8472d0d642686b5423be158a14d87185 [2ms]
[2022-03-05T13:25:38.033Z] > git rev-list --count 1135a20e7f1e764fa25271d9574266b2c083c343.. -- /home/battos/Desktop/GoURLShrotener/go.mod [2ms]
[2022-03-05T13:25:38.046Z] > git log --format=%H%n%aN%n%aE%n%at%n%ct%n%P%n%B -z -n3 -- /home/battos/Desktop/GoURLShrotener/go.mod [3ms]
[2022-03-05T13:25:38.545Z] > git symbolic-ref --short HEAD [2ms]
[2022-03-05T13:25:38.554Z] > git for-each-ref --format=%(refname)%00%(upstream:short)%00%(objectname)%00%(upstream:track) refs/heads/master refs/remotes/master [1ms]
[2022-03-05T13:25:38.575Z] > git remote --verbose [4ms]
[2022-03-05T13:25:38.576Z] > git for-each-ref --sort -committerdate --format %(refname) %(objectname) %(*objectname) [12ms]
[2022-03-05T13:25:38.588Z] > git config --get commit.template [1ms]
[2022-03-05T13:25:38.636Z] > git ls-files --stage -- /home/battos/Desktop/GoURLShrotener/go.mod [2ms]
[2022-03-05T13:25:38.647Z] > git cat-file -s be7f871c84c22e9937cf2e76aa0e3b25b79cdb2c [1ms]
[2022-03-05T13:25:39.099Z] > git rev-list --count 1135a20e7f1e764fa25271d9574266b2c083c343.. -- /home/battos/Desktop/GoURLShrotener/go.mod [3ms]
[2022-03-05T13:25:39.110Z] > git log --format=%H%n%aN%n%aE%n%at%n%ct%n%P%n%B -z -n3 -- /home/battos/Desktop/GoURLShrotener/go.mod [1ms]
[2022-03-05T13:25:50.352Z] > git rev-list --count 1135a20e7f1e764fa25271d9574266b2c083c343.. -- /home/battos/Desktop/GoURLShrotener/go.mod [3ms]
[2022-03-05T13:25:50.367Z] > git log --format=%H%n%aN%n%aE%n%at%n%ct%n%P%n%B -z -n4 -- /home/battos/Desktop/GoURLShrotener/go.mod [3ms]
[2022-03-05T13:25:50.856Z] > git symbolic-ref --short HEAD [1ms]
[2022-03-05T13:25:50.868Z] > git for-each-ref --format=%(refname)%00%(upstream:short)%00%(objectname)%00%(upstream:track) refs/heads/master refs/remotes/master [1ms]
[2022-03-05T13:25:50.891Z] > git for-each-ref --sort -committerdate --format %(refname) %(objectname) %(*objectname) [15ms]
[2022-03-05T13:25:50.892Z] > git remote --verbose [3ms]
[2022-03-05T13:25:50.906Z] > git config --get commit.template [1ms]
[2022-03-05T13:25:50.976Z] > git ls-files --stage -- /home/battos/Desktop/GoURLShrotener/go.mod [1ms]
[2022-03-05T13:25:50.988Z] > git cat-file -s be7f871c84c22e9937cf2e76aa0e3b25b79cdb2c [3ms]
[2022-03-05T13:25:51.419Z] > git rev-list --count 1135a20e7f1e764fa25271d9574266b2c083c343.. -- /home/battos/Desktop/GoURLShrotener/go.mod [3ms]
[2022-03-05T13:25:51.429Z] > git log --format=%H%n%aN%n%aE%n%at%n%ct%n%P%n%B -z -n4 -- /home/battos/Desktop/GoURLShrotener/go.mod [2ms]
[2022-03-05T13:26:04.655Z] > git symbolic-ref --short HEAD [1ms]
[2022-03-05T13:26:04.665Z] > git for-each-ref --format=%(refname)%00%(upstream:short)%00%(objectname)%00%(upstream:track) refs/heads/master refs/remotes/master [1ms]
[2022-03-05T13:26:04.681Z] > git for-each-ref --sort -committerdate --format %(refname) %(objectname) %(*objectname) [9ms]
[2022-03-05T13:26:04.682Z] > git remote --verbose [2ms]
[2022-03-05T13:26:04.694Z] > git config --get commit.template [2ms]
[2022-03-05T13:26:05.204Z] > git rev-list --count 1135a20e7f1e764fa25271d9574266b2c083c343.. -- /home/battos/Desktop/GoURLShrotener/go.mod [3ms]
[2022-03-05T13:26:05.216Z] > git log --format=%H%n%aN%n%aE%n%at%n%ct%n%P%n%B -z -n4 -- /home/battos/Desktop/GoURLShrotener/go.mod [3ms]
[2022-03-05T13:26:18.011Z] > git log --format=%H%n%aN%n%aE%n%at%n%ct%n%P%n%B -z -n21 -- /home/battos/Desktop/GoURLShrotener/shortener/db.go [3ms]
[2022-03-05T13:26:18.208Z] > git ls-files --stage -- /home/battos/Desktop/GoURLShrotener/shortener/db.go [2ms]
[2022-03-05T13:26:18.223Z] > git cat-file -s e15cc8ac6d96f94aad594daf25bfe3a017871df1 [3ms]
[2022-03-05T13:26:39.897Z] > git symbolic-ref --short HEAD [2ms]
[2022-03-05T13:26:39.908Z] > git for-each-ref --format=%(refname)%00%(upstream:short)%00%(objectname)%00%(upstream:track) refs/heads/master refs/remotes/master [2ms]
[2022-03-05T13:26:39.925Z] > git for-each-ref --sort -committerdate --format %(refname) %(objectname) %(*objectname) [9ms]
[2022-03-05T13:26:39.926Z] > git remote --verbose [2ms]
[2022-03-05T13:26:39.940Z] > git config --get commit.template [2ms]
[2022-03-05T13:26:40.445Z] > git rev-list --count 1135a20e7f1e764fa25271d9574266b2c083c343.. -- /home/battos/Desktop/GoURLShrotener/shortener/db.go [4ms]
[2022-03-05T13:26:40.459Z] > git log --format=%H%n%aN%n%aE%n%at%n%ct%n%P%n%B -z -n4 -- /home/battos/Desktop/GoURLShrotener/shortener/db.go [3ms]
[2022-03-05T13:27:02.598Z] > git rev-list --count 1135a20e7f1e764fa25271d9574266b2c083c343.. -- /home/battos/Desktop/GoURLShrotener/shortener/db.go [3ms]
[2022-03-05T13:27:02.609Z] > git log --format=%H%n%aN%n%aE%n%at%n%ct%n%P%n%B -z -n4 -- /home/battos/Desktop/GoURLShrotener/shortener/db.go [2ms]
[2022-03-05T13:27:03.101Z] > git symbolic-ref --short HEAD [1ms]
[2022-03-05T13:27:03.110Z] > git for-each-ref --format=%(refname)%00%(upstream:short)%00%(objectname)%00%(upstream:track) refs/heads/master refs/remotes/master [2ms]
[2022-03-05T13:27:03.129Z] > git remote --verbose [2ms]
[2022-03-05T13:27:03.130Z] > git for-each-ref --sort -committerdate --format %(refname) %(objectname) %(*objectname) [10ms]
[2022-03-05T13:27:03.150Z] > git config --get commit.template [4ms]
[2022-03-05T13:27:03.197Z] > git ls-files --stage -- /home/battos/Desktop/GoURLShrotener/shortener/db.go [1ms]
[2022-03-05T13:27:03.205Z] > git cat-file -s e15cc8ac6d96f94aad594daf25bfe3a017871df1 [1ms]
[2022-03-05T13:27:03.659Z] > git rev-list --count 1135a20e7f1e764fa25271d9574266b2c083c343.. -- /home/battos/Desktop/GoURLShrotener/shortener/db.go [3ms]
[2022-03-05T13:27:03.672Z] > git log --format=%H%n%aN%n%aE%n%at%n%ct%n%P%n%B -z -n4 -- /home/battos/Desktop/GoURLShrotener/shortener/db.go [2ms]
[2022-03-05T13:27:11.805Z] > git rev-list --count 1135a20e7f1e764fa25271d9574266b2c083c343.. -- /home/battos/Desktop/GoURLShrotener/shortener/db.go [2ms]
[2022-03-05T13:27:11.821Z] > git log --format=%H%n%aN%n%aE%n%at%n%ct%n%P%n%B -z -n4 -- /home/battos/Desktop/GoURLShrotener/shortener/db.go [4ms]
[2022-03-05T13:27:12.311Z] > git symbolic-ref --short HEAD [1ms]
[2022-03-05T13:27:12.323Z] > git for-each-ref --format=%(refname)%00%(upstream:short)%00%(objectname)%00%(upstream:track) refs/heads/master refs/remotes/master [2ms]
[2022-03-05T13:27:12.343Z] > git for-each-ref --sort -committerdate --format %(refname) %(objectname) %(*objectname) [11ms]
[2022-03-05T13:27:12.344Z] > git remote --verbose [2ms]
[2022-03-05T13:27:12.361Z] > git config --get commit.template [2ms]
[2022-03-05T13:27:12.401Z] > git ls-files --stage -- /home/battos/Desktop/GoURLShrotener/shortener/db.go [2ms]
[2022-03-05T13:27:12.414Z] > git cat-file -s 574d1fdfe2fcdee50d7f6d04294b50b820b700eb [2ms]
[2022-03-05T13:27:12.871Z] > git rev-list --count 1135a20e7f1e764fa25271d9574266b2c083c343.. -- /home/battos/Desktop/GoURLShrotener/shortener/db.go [4ms]
[2022-03-05T13:27:12.886Z] > git log --format=%H%n%aN%n%aE%n%at%n%ct%n%P%n%B -z -n4 -- /home/battos/Desktop/GoURLShrotener/shortener/db.go [4ms]
[2022-03-05T13:27:14.453Z] > git rev-list --count 1135a20e7f1e764fa25271d9574266b2c083c343.. -- /home/battos/Desktop/GoURLShrotener/shortener/db.go [1ms]
[2022-03-05T13:27:14.467Z] > git log --format=%H%n%aN%n%aE%n%at%n%ct%n%P%n%B -z -n5 -- /home/battos/Desktop/GoURLShrotener/shortener/db.go [4ms]
[2022-03-05T13:27:15.054Z] > git ls-files --stage -- /home/battos/Desktop/GoURLShrotener/shortener/db.go [2ms]
[2022-03-05T13:27:15.065Z] > git cat-file -s 574d1fdfe2fcdee50d7f6d04294b50b820b700eb [2ms]
[2022-03-05T13:27:17.390Z] > git symbolic-ref --short HEAD [2ms]
[2022-03-05T13:27:17.400Z] > git for-each-ref --format=%(refname)%00%(upstream:short)%00%(objectname)%00%(upstream:track) refs/heads/master refs/remotes/master [2ms]
[2022-03-05T13:27:17.416Z] > git for-each-ref --sort -committerdate --format %(refname) %(objectname) %(*objectname) [8ms]
[2022-03-05T13:27:17.417Z] > git remote --verbose [2ms]
[2022-03-05T13:27:17.430Z] > git config --get commit.template [2ms]
[2022-03-05T13:27:17.942Z] > git rev-list --count 1135a20e7f1e764fa25271d9574266b2c083c343.. -- /home/battos/Desktop/GoURLShrotener/shortener/db.go [2ms]
[2022-03-05T13:27:17.956Z] > git log --format=%H%n%aN%n%aE%n%at%n%ct%n%P%n%B -z -n5 -- /home/battos/Desktop/GoURLShrotener/shortener/db.go [3ms]
[2022-03-05T13:27:25.614Z] > git symbolic-ref --short HEAD [2ms]
[2022-03-05T13:27:25.624Z] > git for-each-ref --format=%(refname)%00%(upstream:short)%00%(objectname)%00%(upstream:track) refs/heads/master refs/remotes/master [2ms]
[2022-03-05T13:27:25.641Z] > git for-each-ref --sort -committerdate --format %(refname) %(objectname) %(*objectname) [10ms]
[2022-03-05T13:27:25.642Z] > git remote --verbose [3ms]
[2022-03-05T13:27:25.658Z] > git config --get commit.template [2ms]
[2022-03-05T13:27:26.166Z] > git rev-list --count 1135a20e7f1e764fa25271d9574266b2c083c343.. -- /home/battos/Desktop/GoURLShrotener/shortener/db.go [2ms]
[2022-03-05T13:27:26.177Z] > git log --format=%H%n%aN%n%aE%n%at%n%ct%n%P%n%B -z -n5 -- /home/battos/Desktop/GoURLShrotener/shortener/db.go [3ms]
[2022-03-05T13:27:47.713Z] > git log --format=%H%n%aN%n%aE%n%at%n%ct%n%P%n%B -z -n21 -- /home/battos/Desktop/GoURLShrotener/shortener/shortener.go [14ms]
[2022-03-05T13:27:47.896Z] > git ls-files --stage -- /home/battos/Desktop/GoURLShrotener/shortener/shortener.go [2ms]
[2022-03-05T13:27:47.909Z] > git cat-file -s 239662fe23e8f45148ea0474c18bd6f22e1ad40b [3ms]
[2022-03-05T13:27:55.260Z] > git symbolic-ref --short HEAD [2ms]
[2022-03-05T13:27:55.271Z] > git for-each-ref --format=%(refname)%00%(upstream:short)%00%(objectname)%00%(upstream:track) refs/heads/master refs/remotes/master [2ms]
[2022-03-05T13:27:55.290Z] > git for-each-ref --sort -committerdate --format %(refname) %(objectname) %(*objectname) [10ms]
[2022-03-05T13:27:55.291Z] > git remote --verbose [3ms]
[2022-03-05T13:27:55.304Z] > git config --get commit.template [3ms]
[2022-03-05T13:27:55.815Z] > git rev-list --count 1135a20e7f1e764fa25271d9574266b2c083c343.. -- /home/battos/Desktop/GoURLShrotener/shortener/shortener.go [3ms]
[2022-03-05T13:27:55.827Z] > git log --format=%H%n%aN%n%aE%n%at%n%ct%n%P%n%B -z -n3 -- /home/battos/Desktop/GoURLShrotener/shortener/shortener.go [2ms]
[2022-03-05T13:28:59.062Z] > git symbolic-ref --short HEAD [1ms]
[2022-03-05T13:28:59.077Z] > git for-each-ref --format=%(refname)%00%(upstream:short)%00%(objectname)%00%(upstream:track) refs/heads/master refs/remotes/master [4ms]
[2022-03-05T13:28:59.095Z] > git for-each-ref --sort -committerdate --format %(refname) %(objectname) %(*objectname) [10ms]
[2022-03-05T13:28:59.097Z] > git remote --verbose [2ms]
[2022-03-05T13:28:59.108Z] > git config --get commit.template [2ms]
[2022-03-05T13:28:59.614Z] > git rev-list --count 1135a20e7f1e764fa25271d9574266b2c083c343.. -- /home/battos/Desktop/GoURLShrotener/shortener/shortener.go [4ms]
[2022-03-05T13:28:59.626Z] > git log --format=%H%n%aN%n%aE%n%at%n%ct%n%P%n%B -z -n3 -- /home/battos/Desktop/GoURLShrotener/shortener/shortener.go [3ms]
[2022-03-05T13:29:04.338Z] > git symbolic-ref --short HEAD [2ms]
[2022-03-05T13:29:04.350Z] > git for-each-ref --format=%(refname)%00%(upstream:short)%00%(objectname)%00%(upstream:track) refs/heads/master refs/remotes/master [2ms]
[2022-03-05T13:29:04.371Z] > git for-each-ref --sort -committerdate --format %(refname) %(objectname) %(*objectname) [12ms]
[2022-03-05T13:29:04.371Z] > git remote --verbose [2ms]
[2022-03-05T13:29:04.384Z] > git config --get commit.template [2ms]
[2022-03-05T13:29:04.897Z] > git rev-list --count 1135a20e7f1e764fa25271d9574266b2c083c343.. -- /home/battos/Desktop/GoURLShrotener/shortener/shortener.go [4ms]
[2022-03-05T13:29:04.910Z] > git log --format=%H%n%aN%n%aE%n%at%n%ct%n%P%n%B -z -n3 -- /home/battos/Desktop/GoURLShrotener/shortener/shortener.go [3ms]
[2022-03-05T13:30:49.857Z] > git rev-list --count 1135a20e7f1e764fa25271d9574266b2c083c343.. -- /home/battos/Desktop/GoURLShrotener/shortener/shortener.go [3ms]
[2022-03-05T13:30:49.877Z] > git log --format=%H%n%aN%n%aE%n%at%n%ct%n%P%n%B -z -n3 -- /home/battos/Desktop/GoURLShrotener/shortener/shortener.go [2ms]
[2022-03-05T13:30:50.358Z] > git symbolic-ref --short HEAD [2ms]
[2022-03-05T13:30:50.369Z] > git for-each-ref --format=%(refname)%00%(upstream:short)%00%(objectname)%00%(upstream:track) refs/heads/master refs/remotes/master [2ms]
[2022-03-05T13:30:50.389Z] > git for-each-ref --sort -committerdate --format %(refname) %(objectname) %(*objectname) [10ms]
[2022-03-05T13:30:50.390Z] > git remote --verbose [2ms]
[2022-03-05T13:30:50.402Z] > git config --get commit.template [2ms]
[2022-03-05T13:30:50.445Z] > git ls-files --stage -- /home/battos/Desktop/GoURLShrotener/shortener/shortener.go [2ms]
[2022-03-05T13:30:50.463Z] > git cat-file -s 239662fe23e8f45148ea0474c18bd6f22e1ad40b [9ms]
[2022-03-05T13:30:50.913Z] > git rev-list --count 1135a20e7f1e764fa25271d9574266b2c083c343.. -- /home/battos/Desktop/GoURLShrotener/shortener/shortener.go [2ms]
[2022-03-05T13:30:50.923Z] > git log --format=%H%n%aN%n%aE%n%at%n%ct%n%P%n%B -z -n3 -- /home/battos/Desktop/GoURLShrotener/shortener/shortener.go [3ms]
[2022-03-05T13:30:56.534Z] > git rev-list --count 1135a20e7f1e764fa25271d9574266b2c083c343.. -- /home/battos/Desktop/GoURLShrotener/shortener/shortener.go [1ms]
[2022-03-05T13:30:56.545Z] > git log --format=%H%n%aN%n%aE%n%at%n%ct%n%P%n%B -z -n3 -- /home/battos/Desktop/GoURLShrotener/shortener/shortener.go [2ms]
[2022-03-05T13:30:57.038Z] > git symbolic-ref --short HEAD [2ms]
[2022-03-05T13:30:57.047Z] > git for-each-ref --format=%(refname)%00%(upstream:short)%00%(objectname)%00%(upstream:track) refs/heads/master refs/remotes/master [1ms]
[2022-03-05T13:30:57.065Z] > git remote --verbose [1ms]
[2022-03-05T13:30:57.066Z] > git for-each-ref --sort -committerdate --format %(refname) %(objectname) %(*objectname) [10ms]
[2022-03-05T13:30:57.078Z] > git config --get commit.template [1ms]
[2022-03-05T13:30:57.128Z] > git ls-files --stage -- /home/battos/Desktop/GoURLShrotener/shortener/shortener.go [1ms]
[2022-03-05T13:30:57.136Z] > git cat-file -s 239662fe23e8f45148ea0474c18bd6f22e1ad40b [1ms]
[2022-03-05T13:30:57.591Z] > git rev-list --count 1135a20e7f1e764fa25271d9574266b2c083c343.. -- /home/battos/Desktop/GoURLShrotener/shortener/shortener.go [4ms]
[2022-03-05T13:30:57.602Z] > git log --format=%H%n%aN%n%aE%n%at%n%ct%n%P%n%B -z -n3 -- /home/battos/Desktop/GoURLShrotener/shortener/shortener.go [2ms]
[2022-03-05T13:31:11.893Z] > git rev-list --count 1135a20e7f1e764fa25271d9574266b2c083c343.. -- /home/battos/Desktop/GoURLShrotener/shortener/shortener.go [4ms]
[2022-03-05T13:31:11.903Z] > git log --format=%H%n%aN%n%aE%n%at%n%ct%n%P%n%B -z -n3 -- /home/battos/Desktop/GoURLShrotener/shortener/shortener.go [2ms]
[2022-03-05T13:31:12.398Z] > git symbolic-ref --short HEAD [1ms]
[2022-03-05T13:31:12.409Z] > git for-each-ref --format=%(refname)%00%(upstream:short)%00%(objectname)%00%(upstream:track) refs/heads/master refs/remotes/master [3ms]
[2022-03-05T13:31:12.426Z] > git for-each-ref --sort -committerdate --format %(refname) %(objectname) %(*objectname) [9ms]
[2022-03-05T13:31:12.426Z] > git remote --verbose [1ms]
[2022-03-05T13:31:12.437Z] > git config --get commit.template [1ms]
[2022-03-05T13:31:12.491Z] > git ls-files --stage -- /home/battos/Desktop/GoURLShrotener/shortener/shortener.go [2ms]
[2022-03-05T13:31:12.502Z] > git cat-file -s 239662fe23e8f45148ea0474c18bd6f22e1ad40b [2ms]
[2022-03-05T13:31:12.945Z] > git rev-list --count 1135a20e7f1e764fa25271d9574266b2c083c343.. -- /home/battos/Desktop/GoURLShrotener/shortener/shortener.go [2ms]
[2022-03-05T13:31:12.959Z] > git log --format=%H%n%aN%n%aE%n%at%n%ct%n%P%n%B -z -n3 -- /home/battos/Desktop/GoURLShrotener/shortener/shortener.go [4ms]
[2022-03-05T13:35:12.535Z] > git ls-files --stage -- /home/battos/Desktop/GoURLShrotener/.gitignore [2ms]
[2022-03-05T13:35:12.544Z] > git cat-file -s e69de29bb2d1d6434b8b29ae775ad8c2e48c5391 [1ms]
[2022-03-05T13:35:20.541Z] > git symbolic-ref --short HEAD [1ms]
[2022-03-05T13:35:20.550Z] > git for-each-ref --format=%(refname)%00%(upstream:short)%00%(objectname)%00%(upstream:track) refs/heads/master refs/remotes/master [1ms]
[2022-03-05T13:35:20.567Z] > git for-each-ref --sort -committerdate --format %(refname) %(objectname) %(*objectname) [9ms]
[2022-03-05T13:35:20.567Z] > git remote --verbose [2ms]
[2022-03-05T13:35:20.578Z] > git config --get commit.template [1ms]
[2022-03-05T13:35:25.121Z] > git log --format=%H%n%aN%n%aE%n%at%n%ct%n%P%n%B -z -n21 -- /home/battos/Desktop/GoURLShrotener/.gitignore [3ms]
[2022-03-05T13:35:30.181Z] > git symbolic-ref --short HEAD [1ms]
[2022-03-05T13:35:30.190Z] > git for-each-ref --format=%(refname)%00%(upstream:short)%00%(objectname)%00%(upstream:track) refs/heads/master refs/remotes/master [1ms]
[2022-03-05T13:35:30.209Z] > git for-each-ref --sort -committerdate --format %(refname) %(objectname) %(*objectname) [9ms]
[2022-03-05T13:35:30.209Z] > git remote --verbose [1ms]
[2022-03-05T13:35:30.223Z] > git config --get commit.template [2ms]
[2022-03-05T13:35:35.253Z] > git symbolic-ref --short HEAD [2ms]
[2022-03-05T13:35:35.267Z] > git for-each-ref --format=%(refname)%00%(upstream:short)%00%(objectname)%00%(upstream:track) refs/heads/master refs/remotes/master [5ms]
[2022-03-05T13:35:35.288Z] > git for-each-ref --sort -committerdate --format %(refname) %(objectname) %(*objectname) [11ms]
[2022-03-05T13:35:35.289Z] > git remote --verbose [3ms]
[2022-03-05T13:35:35.304Z] > git config --get commit.template [3ms]
[2022-03-05T13:39:13.129Z] > git symbolic-ref --short HEAD [1ms]
[2022-03-05T13:39:13.141Z] > git for-each-ref --format=%(refname)%00%(upstream:short)%00%(objectname)%00%(upstream:track) refs/heads/master refs/remotes/master [2ms]
[2022-03-05T13:39:13.161Z] > git for-each-ref --sort -committerdate --format %(refname) %(objectname) %(*objectname) [10ms]
[2022-03-05T13:39:13.162Z] > git remote --verbose [2ms]
[2022-03-05T13:39:13.172Z] > git config --get commit.template [2ms]
[2022-03-05T13:41:06.318Z] > git symbolic-ref --short HEAD [1ms]
[2022-03-05T13:41:06.325Z] > git for-each-ref --format=%(refname)%00%(upstream:short)%00%(objectname)%00%(upstream:track) refs/heads/master refs/remotes/master [1ms]
[2022-03-05T13:41:06.340Z] > git remote --verbose [1ms]
[2022-03-05T13:41:06.340Z] > git for-each-ref --sort -committerdate --format %(refname) %(objectname) %(*objectname) [8ms]
[2022-03-05T13:41:06.353Z] > git config --get commit.template [2ms]
[2022-03-05T13:41:25.289Z] > git rev-list --count 1135a20e7f1e764fa25271d9574266b2c083c343.. -- /home/battos/Desktop/GoURLShrotener/.gitignore [3ms]
[2022-03-05T13:41:25.299Z] > git log --format=%H%n%aN%n%aE%n%at%n%ct%n%P%n%B -z -n2 -- /home/battos/Desktop/GoURLShrotener/.gitignore [2ms]
